[1mvendor/404/configs/common.mk:62: [35mwarning: [0m[1m"Project 404: TARGET_BOOT_ANIMATION_RES is undefined, assuming 1080p"[0m
[1mbuild/make/core/soong_config.mk:227: [35mwarning: [0m[1mBOARD_PLAT_PUBLIC_SEPOLICY_DIR has been deprecated. Use SYSTEM_EXT_PUBLIC_SEPOLICY_DIRS instead.[0m
[1mbuild/make/core/soong_config.mk:228: [35mwarning: [0m[1mBOARD_PLAT_PRIVATE_SEPOLICY_DIR has been deprecated. Use SYSTEM_EXT_PRIVATE_SEPOLICY_DIRS instead.[0m
============================================
PLATFORM_VERSION_CODENAME=REL
PLATFORM_VERSION=13
P404_VERSION=6.0-20221102-145204-SHINKA-GAPPS-lavender
TARGET_PRODUCT=p404_lavender
TARGET_BUILD_VARIANT=userdebug
TARGET_BUILD_TYPE=release
TARGET_ARCH=arm64
TARGET_ARCH_VARIANT=armv8-a
TARGET_CPU_VARIANT=cortex-a73
TARGET_2ND_ARCH=arm
TARGET_2ND_ARCH_VARIANT=armv8-a
TARGET_2ND_CPU_VARIANT=cortex-a73
HOST_ARCH=x86_64
HOST_2ND_ARCH=x86
HOST_OS=linux
HOST_OS_EXTRA=Linux-5.15.0-52-generic-x86_64-Ubuntu-22.04.1-LTS
HOST_CROSS_OS=windows
HOST_CROSS_ARCH=x86
HOST_CROSS_2ND_ARCH=x86_64
HOST_BUILD_TYPE=release
BUILD_ID=TKQ1.220928.001
OUT_DIR=out
PRODUCT_SOONG_NAMESPACES=vendor/qcom/opensource/commonsys/packages/apps/Bluetooth vendor/qcom/opensource/commonsys/system/bt/conf vendor/qcom/common/system/av vendor/qcom/common/system/perf device/qcom/common/vendor/perf vendor/qcom/common/vendor/perf vendor/qcom/common/system/telephony device/qcom/common/vendor/telephony vendor/gms/common device/xiaomi/sdm660-common hardware/qcom/display hardware/qcom/media vendor/qcom/opensource/audio-hal/primary-hal vendor/qcom/opensource/commonsys/packages/apps/Bluetooth vendor/qcom/opensource/commonsys/system/bt/conf vendor/qcom/opensource/commonsys/system/bt/main vendor/xiaomi/sdm660-common vendor/xiaomi/lavender
============================================
[ 25% 1/4] regenerate globs shard 826 of 1024
[ 50% 2/4] regenerate globs shard 554 of 1024
[ 75% 3/4] regenerate globs shard 963 of 1024
[100% 4/4] analyzing Android.bp files and generating ninja file at out/soong/build.ninja
Clang SA is not enabled
vendor/xiaomi/sdm660-common/sdm660-common-vendor.mk was modified, regenerating...
[1mvendor/404/configs/common.mk:62: [35mwarning: [0m[1m"Project 404: TARGET_BOOT_ANIMATION_RES is undefined, assuming 1080p"[0m
vendor/xiaomi/sdm660-common/sdm660-common-vendor.mk was modified, regenerating...
[100% 5/5] initializing build system ...
vendor/404/configs/common.mk:62: warning: "Project 404: TARGET_BOOT_ANIMATION_RES is undefined, assuming 1080p"
build/make/core/main.mk:471: warning: "Compile using modified AOSP tree supporting full vendor value-adds"
[  3% 6/179] including out/soong/installs-p404_lavender.mk ...
[  3% 7/179] including out/soong/Android-p404_lavender.mk ...
[  4% 8/179] including art/Android.mk ...
Disabling ART_BUILD_TARGET_DEBUG
Disabling ART_BUILD_HOST_DEBUG
[  5% 9/179] including bionic/Android.mk ...
[  5% 10/179] including bootable/recovery/Android.mk ...
[  6% 11/179] including build/make/target/board/Android.mk ...
[  6% 12/179] including build/make/target/product/gsi/Android.mk ...
[  7% 13/179] including build/make/target/product/security/Android.mk ...
[  7% 14/179] including build/make/tools/fs_config/Android.mk ...
[  8% 15/179] including cts/hostsidetests/appsecurity/test-apps/SplitApp/Android.mk ...
[  8% 16/179] including development/build/Android.mk ...
[  9% 17/179] including development/gki/Android.mk ...
[ 10% 18/179] including development/samples/RenderScript/Android.mk ...
[ 10% 19/179] including development/samples/ShortcutDemo/Android.mk ...
[ 11% 20/179] including development/testrunner/Android.mk ...
[ 11% 21/179] including device/generic/goldfish-opengl/Android.mk ...
[ 12% 22/179] including device/generic/goldfish/Android.mk ...
[ 12% 23/179] including device/google/contexthub/firmware/Android.mk ...
[ 13% 24/179] including device/google/contexthub/lefty/Android.mk ...
[ 13% 25/179] including device/google/contexthub/lib/Android.mk ...
[ 14% 26/179] including device/google/contexthub/sensorhal/Android.mk ...
[ 15% 27/179] including device/google/cuttlefish/Android.mk ...
[ 15% 28/179] including device/qcom/common/Android.mk ...
device/qcom/common/vendor/media-legacy/Android.mk:8: warning: BUILD_COPY_HEADERS has been deprecated. See https://android.googlesource.com/platform/build/+/master/Changes.md#copy_headers.
[ 16% 29/179] including device/qcom/qssi/Android.mk ...
[ 16% 30/179] including device/xiaomi/lavender/Android.mk ...
[ 17% 31/180] including device/xiaomi/lavender/rootdir/Android.mk ...
[ 17% 32/180] including device/xiaomi/sdm660-common/Android.mk ...
[ 18% 33/180] including disregard/Android.mk ...
Skipping Android.mk under disregard
[ 18% 34/180] including external/Camera/Android.mk ...
[ 19% 35/180] including external/chromium-trace/Android.mk ...
[ 20% 36/180] including external/clang/Android.mk ...
[ 20% 37/180] including external/exoplayer/Android.mk ...
[ 21% 38/180] including external/flatbuffers/Android.mk ...
[ 21% 39/180] including external/fmtlib/support/Android.mk ...
[ 22% 40/180] including external/google-breakpad/Android.mk ...
[ 22% 41/180] including external/googletest/googletest/Android.mk ...
[ 23% 42/180] including external/hyphenation-patterns/Android.mk ...
[ 23% 43/180] including external/icu/icu4c/Android.mk ...
[ 24% 44/180] including external/json-c/Android.mk ...
[ 25% 45/180] including external/libaom/Android.mk ...
[ 25% 46/180] including external/libusb/Android.mk ...
[ 26% 47/180] including external/libvpx/Android.mk ...
[ 26% 48/180] including external/libwebsockets/Android.mk ...
[ 27% 49/180] including external/ltp/Android.mk ...
[ 27% 50/180] including external/markdown/Android.mk ...
[ 28% 51/180] including external/mesa3d/Android.mk ...
[ 28% 52/180] including external/noto-fonts/emoji-compat-flatbuffers/Android.mk ...
[ 29% 53/180] including external/proguard/Android.mk ...
[ 30% 54/180] including external/robolectric-shadows/Android.mk ...
[ 30% 55/180] including external/tinycompress/Android.mk ...
[ 31% 56/180] including external/v4l2_codec2/tests/Android.mk ...
[ 31% 57/180] including external/vixl/Android.mk ...
[ 32% 58/180] including external/vogar/Android.mk ...
[ 32% 59/180] including external/vulkan-validation-layers/Android.mk ...
[ 33% 60/180] including external/walt/android/WALT/app/src/main/jni/Android.mk ...
[ 33% 61/180] including external/webrtc/Android.mk ...
[ 34% 62/180] including external/wpa_supplicant_8/Android.mk ...
[ 35% 63/180] including frameworks/av/camera/Android.mk ...
[ 35% 64/180] including frameworks/av/media/Android.mk ...
[ 36% 65/180] including frameworks/av/services/Android.mk ...
[ 36% 66/180] including frameworks/base/Android.mk ...
[ 37% 67/180] including frameworks/native/cmds/flatland/Android.mk ...
[ 37% 68/180] including frameworks/opt/car/services/builtInServices/tests/Android.mk ...
[ 38% 69/180] including frameworks/opt/net/wifi/libwifi_hal/Android.mk ...
[ 38% 70/180] including frameworks/rs/Android.mk ...
[ 39% 71/180] including hardware/google/easel/amber/camera/Android.mk ...
[ 40% 72/180] including hardware/interfaces/compatibility_matrices/Android.mk ...
[ 40% 73/180] including hardware/interfaces/configstore/1.1/default/Android.mk ...
[ 41% 74/180] including hardware/interfaces/graphics/composer/2.2/default/Android.mk ...
[ 41% 75/180] including hardware/interfaces/keymaster/3.0/default/Android.mk ...
[ 42% 76/180] including hardware/interfaces/media/1.0/xml/Android.mk ...
[ 42% 77/180] including hardware/interfaces/soundtrigger/2.0/default/Android.mk ...
[ 43% 78/180] including hardware/interfaces/soundtrigger/2.1/default/Android.mk ...
[ 43% 79/180] including hardware/interfaces/tv/Android.mk ...
[ 44% 80/180] including hardware/interfaces/wifi/1.6/default/Android.mk ...
[ 45% 81/180] including hardware/interfaces/wifi/supplicant/1.1/vts/Android.mk ...
[ 45% 82/180] including hardware/libhardware/Android.mk ...
[ 46% 83/180] including hardware/libhardware_legacy/Android.mk ...
[ 46% 84/180] including hardware/qcom/bootctrl/Android.mk ...
[ 47% 85/180] including hardware/qcom/display/Android.mk ...
[ 47% 86/180] including hardware/qcom/media/Android.mk ...
[ 48% 87/180] including hardware/qcom/wlan/Android.mk ...
[ 48% 88/180] including hardware/ril/libril/Android.mk ...
[ 49% 89/180] including hardware/ril/reference-ril/Android.mk ...
[ 50% 90/180] including hardware/ril/rild/Android.mk ...
[ 50% 91/180] including kernel/Android.mk ...
Skipping Android.mk under kernel
[ 51% 92/180] including packages/apps/404Launcher/Android.mk ...
[ 51% 93/180] including packages/apps/Calendar/tests/Android.mk ...
[ 52% 94/180] including packages/apps/Camera2/tests/Android.mk ...
[ 52% 95/180] including packages/apps/Car/SystemUI/tests/Android.mk ...
[ 53% 96/180] including packages/apps/Dialer/Android.mk ...
[ 53% 97/180] including packages/apps/ExactCalculator/Android.mk ...
[ 54% 98/180] including packages/apps/Messaging/tests/Android.mk ...
[ 55% 99/180] including packages/apps/TV/common/tests/robotests/Android.mk ...
[ 55% 100/180] including packages/apps/TV/tests/Android.mk ...
[ 56% 101/180] including packages/apps/TV/tuner/tests/robotests/Android.mk ...
[ 56% 102/180] including packages/apps/TV/tuner/tests/testing/Android.mk ...
[ 57% 103/180] including packages/apps/ThemePicker/robolectric_tests/Android.mk ...
[ 57% 104/180] including packages/apps/TimeZoneData/Android.mk ...
[ 58% 105/180] including packages/apps/WallpaperPicker2/robolectric_tests/Android.mk ...
[ 58% 106/180] including packages/modules/Bluetooth/android/app/tests/Android.mk ...
[ 59% 107/180] including packages/modules/Bluetooth/system/Android.mk ...
[ 60% 108/180] including packages/services/Car/Android.mk ...
[ 60% 109/180] including platform_testing/libraries/audio-test-harness/tradefed/Android.mk ...
[ 61% 110/180] including platform_testing/scripts/androidx-perf-setup/Android.mk ...
[ 61% 111/180] including platform_testing/scripts/perf-load-setup/Android.mk ...
[ 62% 112/180] including platform_testing/scripts/perf-setup/Android.mk ...
[ 62% 113/180] including platform_testing/scripts/perfetto-setup/Android.mk ...
[ 63% 114/180] including platform_testing/tests/bootdoa/Android.mk ...
[ 63% 115/180] including prebuilts/asuite/acloud/linux-x86/Android.mk ...
[ 64% 116/180] including prebuilts/ndk/Android.mk ...
[ 65% 117/180] including prebuilts/runtime/Android.mk ...
[ 65% 118/180] including prebuilts/sdk/Android.mk ...
[ 66% 119/180] including system/chre/Android.mk ...
[ 66% 120/180] including system/core/fastboot/Android.mk ...
[ 67% 121/180] including system/core/init/Android.mk ...
[ 67% 122/180] including system/core/rootdir/Android.mk ...
[ 68% 123/180] including system/extras/Android.mk ...
[ 68% 124/180] including system/libfmq/benchmarks/Android.mk ...
[ 69% 125/180] including system/libhidl/vintfdata/Android.mk ...
[ 70% 126/180] including system/libvintf/Android.mk ...
[ 70% 127/180] including system/sepolicy/Android.mk ...
system/sepolicy/Android.mk:57: warning: BOARD_PLAT_PUBLIC_SEPOLICY_DIR has been deprecated. Use SYSTEM_EXT_PUBLIC_SEPOLICY_DIRS instead.
system/sepolicy/Android.mk:62: warning: BOARD_PLAT_PRIVATE_SEPOLICY_DIR has been deprecated. Use SYSTEM_EXT_PRIVATE_SEPOLICY_DIRS instead.
[ 71% 128/180] including system/timezone/Android.mk ...
[ 71% 129/180] including system/tools/hidl/build/Android.mk ...
[ 72% 130/180] including system/tools/mkbootimg/gki/Android.mk ...
[ 72% 131/180] including test/mlts/benchmark/Android.mk ...
[ 73% 132/180] including test/vts-testcase/hal/neuralnetworks/V1_2/benchmark/java/Android.mk ...
[ 73% 133/180] including test/vts-testcase/hal/neuralnetworks/V1_3/benchmark/java/Android.mk ...
[ 74% 134/180] including test/vts-testcase/security/poc/target/Android.mk ...
[ 75% 135/180] including test/vts/compilation_tools/vtsc/test/Android.mk ...
[ 75% 136/180] including test/vts/utils/python/archive/Android.mk ...
[ 76% 137/180] including tools/platform-compat/Android.mk ...
[ 76% 138/180] including tools/test/connectivity/Android.mk ...
[ 77% 139/180] including tools/test/graphicsbenchmark/Android.mk ...
[ 77% 140/180] including tools/tradefederation/prebuilts/test_harness/Android.mk ...
[ 78% 141/180] including vendor/gms/Android.mk ...
[ 78% 142/180] including vendor/overlays/404/stub/Android.mk ...
[ 79% 143/180] including vendor/qcom/common/system/audio/Android.mk ...
[ 80% 144/180] including vendor/qcom/common/system/av/Android.mk ...
[ 80% 145/180] including vendor/qcom/common/system/bt/Android.mk ...
[ 81% 146/180] including vendor/qcom/common/system/display/Android.mk ...
[ 81% 147/180] including vendor/qcom/common/system/gps/Android.mk ...
[ 82% 148/180] including vendor/qcom/common/system/perf/Android.mk ...
[ 82% 149/180] including vendor/qcom/common/system/telephony/Android.mk ...
[ 83% 150/180] including vendor/qcom/common/system/wfd-legacy/Android.mk ...
[ 83% 151/180] including vendor/qcom/common/system/wfd/Android.mk ...
[ 84% 152/180] including vendor/qcom/common/system/wlan/Android.mk ...
[ 85% 153/180] including vendor/qcom/common/vendor/adreno-legacy/Android.mk ...
[ 85% 154/180] including vendor/qcom/common/vendor/adreno/Android.mk ...
[ 86% 155/180] including vendor/qcom/common/vendor/media-legacy/Android.mk ...
[ 86% 156/180] including vendor/qcom/common/vendor/media/Android.mk ...
[ 87% 157/180] including vendor/qcom/common/vendor/nq-nfc/Android.mk ...
[ 87% 158/180] including vendor/qcom/common/vendor/perf/Android.mk ...
[ 88% 159/180] including vendor/qcom/common/vendor/wfd-legacy/Android.mk ...
[ 88% 160/180] including vendor/qcom/common/vendor/wlan/Android.mk ...
[ 89% 161/180] including vendor/qcom/opensource/audio-hal/primary-hal/Android.mk ...
[ 90% 162/180] including vendor/qcom/opensource/audio-hal/st-hal/Android.mk ...
[ 90% 163/180] including vendor/qcom/opensource/commonsys/audio/Android.mk ...
[ 91% 164/180] including vendor/qcom/opensource/commonsys/dataservices/Android.mk ...
[ 91% 165/180] including vendor/qcom/opensource/commonsys/packages/apps/Bluetooth/tests/Android.mk ...
[ 92% 166/180] including vendor/qcom/opensource/core-utils/Android.mk ...
[ 92% 167/180] including vendor/qcom/opensource/data-ipa-cfg-mgr/ipanat/test/Android.mk ...
[ 93% 168/180] including vendor/qcom/opensource/dataservices/datatop/Android.mk ...
[ 93% 169/180] including vendor/qcom/opensource/dataservices/rmnetctl/Android.mk ...
vendor/qcom/opensource/dataservices/rmnetctl/src/Android.mk:9: warning: BUILD_COPY_HEADERS has been deprecated. See https://android.googlesource.com/platform/build/+/master/Changes.md#copy_headers.
[ 94% 170/180] including vendor/qcom/opensource/mmc-utils/Android.mk ...
[ 95% 171/180] including vendor/qcom/opensource/power/Android.mk ...
[ 95% 172/180] including vendor/qcom/opensource/recovery-ext/Android.mk ...
[ 96% 173/180] including vendor/qcom/opensource/softap/softap/sdk/Android.mk ...
[ 96% 174/180] including vendor/qcom/opensource/time-services/Android.mk ...
vendor/qcom/opensource/time-services/Android.mk:14: warning: BUILD_COPY_HEADERS has been deprecated. See https://android.googlesource.com/platform/build/+/master/Changes.md#copy_headers.
[ 97% 175/180] including vendor/qcom/opensource/wfd-commonsys/Android.mk ...
[ 97% 176/180] including vendor/xiaomi/lavender/Android.mk ...
[ 98% 177/180] including vendor/xiaomi/sdm660-common/Android.mk ...
[ 98% 178/180] including out/soong/late-p404_lavender.mk ...
[ 99% 179/180] finishing build rules ...
vendor/qcom/build/tasks/kernel_definitions.mk:113: warning: Device is using custom LLVM toolchain for the kernel
Using appended DTB
vendor/qcom/build/tasks/kernel_definitions.mk:235: warning: VENDOR_RAMDISK_KERNEL_MODLUES = 
[100% 180/180] writing build rules ...
out/soong/installs-p404_lavender.mk:120309: warning: overriding commands for target `out/target/product/lavender/system/etc/libnfc-nci.conf'
out/soong/installs-p404_lavender.mk:120033: warning: ignoring old commands for target `out/target/product/lavender/system/etc/libnfc-nci.conf'
device/xiaomi/sdm660-common/Android.mk:36: warning: overriding commands for target `out/target/product/lavender/vendor/firmware_mnt'
vendor/qcom/opensource/core-utils/build/AndroidBoardCommon.mk:18: warning: ignoring old commands for target `out/target/product/lavender/vendor/firmware_mnt'
device/xiaomi/sdm660-common/Android.mk:40: warning: overriding commands for target `out/target/product/lavender/vendor/bt_firmware'
vendor/qcom/opensource/core-utils/build/AndroidBoardCommon.mk:25: warning: ignoring old commands for target `out/target/product/lavender/vendor/bt_firmware'
device/xiaomi/sdm660-common/Android.mk:44: warning: overriding commands for target `out/target/product/lavender/vendor/dsp'
vendor/qcom/opensource/core-utils/build/AndroidBoardCommon.mk:32: warning: ignoring old commands for target `out/target/product/lavender/vendor/dsp'
device/xiaomi/sdm660-common/Android.mk:110: warning: overriding commands for target `out/target/product/lavender/system/system_ext/priv-app/ims/lib/arm64/libimscamera_jni.so'
device/qcom/common/system/telephony/Android.mk:25: warning: ignoring old commands for target `out/target/product/lavender/system/system_ext/priv-app/ims/lib/arm64/libimscamera_jni.so'
device/xiaomi/sdm660-common/Android.mk:110: warning: overriding commands for target `out/target/product/lavender/system/system_ext/priv-app/ims/lib/arm64/libimsmedia_jni.so'
device/qcom/common/system/telephony/Android.mk:25: warning: ignoring old commands for target `out/target/product/lavender/system/system_ext/priv-app/ims/lib/arm64/libimsmedia_jni.so'
build/make/core/base_rules.mk:533: warning: overriding commands for target `out/target/product/lavender/vendor/bin/init.qcom.usb.sh'
out/soong/installs-p404_lavender.mk:93389: warning: ignoring old commands for target `out/target/product/lavender/vendor/bin/init.qcom.usb.sh'
No need to regenerate ninja file
Starting ninja...
[  7% 181/2317] Install out/target/product/lavender/system/system_ext/framework/com.qti.dpmframework.jar
[  7% 182/2317] Install out/target/product/lavender/system/system_ext/framework/dpmapi.jar
[  7% 183/2317] Install out/target/product/lavender/system/system_ext/framework/qcrilhook.jar
[  7% 184/2317] Install out/target/product/lavender/system/system_ext/framework/qti-telephony-common.jar
[  7% 185/2317] //hardware/interfaces/radio/1.5:android.hardware.radio@1.5 clang++ android/hardware/radio/1.5/RadioIndicationAll.cpp [arm]
[  8% 186/2317] //hardware/interfaces/radio/1.5:android.hardware.radio@1.5 clang++ android/hardware/radio/1.5/RadioIndicationAll.cpp
[  8% 187/2317] //hardware/interfaces/radio/1.5:android.hardware.radio@1.5 clang++ android/hardware/radio/1.5/types.cpp
[  8% 188/2317] //hardware/interfaces/radio/1.3:android.hardware.radio@1.3 clang++ android/hardware/radio/1.3/RadioAll.cpp [arm]
[  8% 189/2317] //hardware/interfaces/radio/1.3:android.hardware.radio@1.3 clang++ android/hardware/radio/1.3/RadioResponseAll.cpp [arm]
[  8% 190/2317] //hardware/interfaces/radio/1.2:android.hardware.radio@1.2 clang++ android/hardware/radio/1.2/RadioResponseAll.cpp [arm]
[  8% 191/2317] //hardware/interfaces/radio/1.3:android.hardware.radio@1.3 clang++ android/hardware/radio/1.3/RadioAll.cpp
[  8% 192/2317] //hardware/interfaces/radio/1.6:android.hardware.radio@1.6_genc++ license metadata
[  8% 193/2317] //hardware/interfaces/radio/1.2:android.hardware.radio@1.2 clang++ android/hardware/radio/1.2/RadioAll.cpp [arm]
[  8% 194/2317] //hardware/interfaces/radio/1.2:android.hardware.radio@1.2 link android.hardware.radio@1.2.so [arm]
[  8% 195/2317] Copy symbols with mapping: out/target/product/lavender/symbols/system/lib/android.hardware.radio@1.2.so
[  8% 196/2317] //hardware/interfaces/radio/1.3:android.hardware.radio@1.3 clang++ android/hardware/radio/1.3/RadioResponseAll.cpp
[  8% 197/2317] //hardware/interfaces/radio/1.2:android.hardware.radio@1.2 strip android.hardware.radio@1.2.so [arm]
[  8% 198/2317] //hardware/interfaces/radio/1.3:android.hardware.radio@1.3 link android.hardware.radio@1.3.so
[  8% 199/2317] target Prebuilt: android.hardware.radio@1.2_32 (out/target/product/lavender/obj_arm/SHARED_LIBRARIES/android.hardware.radio@1.2_intermediates/android.hardware.radio@1.2.so)
[  8% 200/2317] Install out/target/product/lavender/system/lib/android.hardware.radio@1.2.so
[  8% 201/2317] Copy symbols with mapping: out/target/product/lavender/symbols/system/lib64/android.hardware.radio@1.3.so
[  8% 202/2317] //hardware/interfaces/radio/1.2:android.hardware.radio@1.2 generate toc android.hardware.radio@1.2.so [arm]
[  8% 203/2317] HIDL c++-headers: hardware/interfaces/radio/1.6/types.hal hardware/interfaces/radio/1.6/IRadio.hal hardware/interfaces/radio/1.6/IRadioIndication.hal hardware/interfaces/radio/1.6/IRadioResponse.hal hardware/interfaces/current.txt => 'out/soong/.intermediates/hardware/interfaces/radio/1.6/android.hardware.radio@1.6_genc++_headers/gen/android/hardware/radio/1.6/IRadio.h'
[  8% 204/2317] //hardware/interfaces/radio/1.3:android.hardware.radio@1.3 link android.hardware.radio@1.3.so [arm]
[  8% 205/2317] //hardware/interfaces/radio/1.3:android.hardware.radio@1.3 strip android.hardware.radio@1.3.so
[  8% 206/2317] target Prebuilt: android.hardware.radio@1.3 (out/target/product/lavender/obj/SHARED_LIBRARIES/android.hardware.radio@1.3_intermediates/android.hardware.radio@1.3.so)
[  8% 207/2317] Install out/target/product/lavender/system/lib64/android.hardware.radio@1.3.so
[  8% 208/2317] Copy symbols with mapping: out/target/product/lavender/symbols/system/lib/android.hardware.radio@1.3.so
[  9% 209/2317] //hardware/interfaces/radio/1.4:android.hardware.radio@1.4 clang++ android/hardware/radio/1.4/RadioAll.cpp [arm]
[  9% 210/2317] //hardware/interfaces/radio/1.5:android.hardware.radio@1.5 clang++ android/hardware/radio/1.5/types.cpp [arm]
[  9% 211/2317] //hardware/interfaces/radio/1.4:android.hardware.radio@1.4 clang++ android/hardware/radio/1.4/RadioAll.cpp
[  9% 212/2317] //hardware/interfaces/radio/1.4:android.hardware.radio@1.4 clang++ android/hardware/radio/1.4/RadioResponseAll.cpp
[  9% 213/2317] //hardware/interfaces/radio/1.4:android.hardware.radio@1.4 clang++ android/hardware/radio/1.4/RadioResponseAll.cpp [arm]
[  9% 214/2317] //hardware/interfaces/radio/config/1.3:android.hardware.radio.config@1.3 clang++ android/hardware/radio/config/1.3/RadioConfigAll.cpp
[  9% 215/2317] //hardware/interfaces/radio/1.5:android.hardware.radio@1.5 clang++ android/hardware/radio/1.5/RadioAll.cpp
[  9% 216/2317] //hardware/interfaces/radio/1.3:android.hardware.radio@1.3 generate toc android.hardware.radio@1.3.so
[  9% 217/2317] //hardware/interfaces/radio/1.4:android.hardware.radio@1.4 link android.hardware.radio@1.4.so
[  9% 218/2317] Copy symbols with mapping: out/target/product/lavender/symbols/system/lib64/android.hardware.radio@1.4.so
[  9% 219/2317] //hardware/interfaces/radio/1.3:android.hardware.radio@1.3 strip android.hardware.radio@1.3.so [arm]
[  9% 220/2317] target Prebuilt: android.hardware.radio@1.3_32 (out/target/product/lavender/obj_arm/SHARED_LIBRARIES/android.hardware.radio@1.3_intermediates/android.hardware.radio@1.3.so)
[  9% 221/2317] Install out/target/product/lavender/system/lib/android.hardware.radio@1.3.so
[  9% 222/2317] //hardware/interfaces/radio/config/1.3:android.hardware.radio.config@1.3 clang++ android/hardware/radio/config/1.3/RadioConfigAll.cpp [arm]
[  9% 223/2317] //hardware/interfaces/radio/1.3:android.hardware.radio@1.3 generate toc android.hardware.radio@1.3.so [arm]
[  9% 224/2317] //hardware/interfaces/radio/1.4:android.hardware.radio@1.4 strip android.hardware.radio@1.4.so
[  9% 225/2317] target Prebuilt: android.hardware.radio@1.4 (out/target/product/lavender/obj/SHARED_LIBRARIES/android.hardware.radio@1.4_intermediates/android.hardware.radio@1.4.so)
[  9% 226/2317] Install out/target/product/lavender/system/lib64/android.hardware.radio@1.4.so
[  9% 227/2317] //hardware/interfaces/radio/1.4:android.hardware.radio@1.4 link android.hardware.radio@1.4.so [arm]
[  9% 228/2317] Copy symbols with mapping: out/target/product/lavender/symbols/system/lib/android.hardware.radio@1.4.so
[  9% 229/2317] //hardware/interfaces/radio/1.4:android.hardware.radio@1.4 generate toc android.hardware.radio@1.4.so
[  9% 230/2317] //hardware/interfaces/radio/1.4:android.hardware.radio@1.4 strip android.hardware.radio@1.4.so [arm]
[  9% 231/2317] target Prebuilt: android.hardware.radio@1.4_32 (out/target/product/lavender/obj_arm/SHARED_LIBRARIES/android.hardware.radio@1.4_intermediates/android.hardware.radio@1.4.so)
[ 10% 232/2317] //hardware/interfaces/radio/1.5:android.hardware.radio@1.5 clang++ android/hardware/radio/1.5/RadioAll.cpp [arm]
[ 10% 233/2317] Install out/target/product/lavender/system/lib/android.hardware.radio@1.4.so
[ 10% 234/2317] //hardware/interfaces/radio/1.4:android.hardware.radio@1.4 generate toc android.hardware.radio@1.4.so [arm]
[ 10% 235/2317] //hardware/interfaces/radio/config/1.3:android.hardware.radio.config@1.3 clang++ android/hardware/radio/config/1.3/RadioConfigResponseAll.cpp
[ 10% 236/2317] //hardware/interfaces/radio/config/1.3:android.hardware.radio.config@1.3 clang++ android/hardware/radio/config/1.3/RadioConfigAll.cpp
[ 10% 237/2317] //hardware/interfaces/radio/config/1.3:android.hardware.radio.config@1.3 clang++ android/hardware/radio/config/1.3/RadioConfigResponseAll.cpp [arm]
[ 10% 238/2317] //hardware/interfaces/radio/1.5:android.hardware.radio@1.5 clang++ android/hardware/radio/1.5/RadioResponseAll.cpp
[ 10% 239/2317] //hardware/interfaces/radio/1.5:android.hardware.radio@1.5 link android.hardware.radio@1.5.so
[ 10% 240/2317] Copy symbols with mapping: out/target/product/lavender/symbols/system/system_ext/lib64/android.hardware.radio@1.5.so
[ 10% 241/2317] //hardware/interfaces/radio/1.5:android.hardware.radio@1.5 clang++ android/hardware/radio/1.5/RadioAll.cpp
[ 10% 242/2317] //hardware/interfaces/radio/config/1.3:android.hardware.radio.config@1.3 clang++ android/hardware/radio/config/1.3/RadioConfigAll.cpp [arm]
[ 10% 243/2317] //hardware/interfaces/radio/1.5:android.hardware.radio@1.5 strip android.hardware.radio@1.5.so
[ 10% 244/2317] target Prebuilt: android.hardware.radio@1.5 (out/target/product/lavender/obj/SHARED_LIBRARIES/android.hardware.radio@1.5_intermediates/android.hardware.radio@1.5.so)
[ 10% 245/2317] Install out/target/product/lavender/system/system_ext/lib64/android.hardware.radio@1.5.so
[ 10% 246/2317] //hardware/interfaces/radio/1.5:android.hardware.radio@1.5 generate toc android.hardware.radio@1.5.so
[ 10% 247/2317] //hardware/interfaces/radio/1.5:android.hardware.radio@1.5 clang++ android/hardware/radio/1.5/RadioResponseAll.cpp [arm]
[ 10% 248/2317] //hardware/interfaces/radio/1.5:android.hardware.radio@1.5 link android.hardware.radio@1.5.so [arm]
[ 10% 249/2317] Copy symbols with mapping: out/target/product/lavender/symbols/system/system_ext/lib/android.hardware.radio@1.5.so
[ 10% 250/2317] //hardware/interfaces/radio/1.5:android.hardware.radio@1.5 strip android.hardware.radio@1.5.so [arm]
[ 10% 251/2317] target Prebuilt: android.hardware.radio@1.5_32 (out/target/product/lavender/obj_arm/SHARED_LIBRARIES/android.hardware.radio@1.5_intermediates/android.hardware.radio@1.5.so)
[ 10% 252/2317] Install out/target/product/lavender/system/system_ext/lib/android.hardware.radio@1.5.so
[ 10% 253/2317] //hardware/interfaces/radio/config/1.3:android.hardware.radio.config@1.3 clang++ android/hardware/radio/config/1.3/RadioConfigResponseAll.cpp
[ 10% 254/2317] //hardware/interfaces/radio/1.5:android.hardware.radio@1.5 generate toc android.hardware.radio@1.5.so [arm]
[ 11% 255/2317] //hardware/interfaces/radio/config/1.3:android.hardware.radio.config@1.3 clang++ android/hardware/radio/config/1.3/RadioConfigResponseAll.cpp [arm]
[ 11% 256/2317] //hardware/interfaces/radio/1.6:android.hardware.radio@1.6 clang++ android/hardware/radio/1.6/types.cpp
[ 11% 257/2317] //hardware/interfaces/radio/1.6:android.hardware.radio@1.6 clang++ android/hardware/radio/1.6/types.cpp [arm]
[ 11% 258/2317] //hardware/interfaces/radio/1.6:android.hardware.radio@1.6 clang++ android/hardware/radio/1.6/types.cpp
[ 11% 259/2317] //hardware/interfaces/radio/1.5:android.hardware.radio@1.5 clang++ android/hardware/radio/1.5/RadioIndicationAll.cpp [arm]
[ 11% 260/2317] //hardware/interfaces/radio/1.6:android.hardware.radio@1.6_genc++_headers license metadata
[ 11% 261/2317] //hardware/interfaces/radio/1.6:android.hardware.radio@1.6 license metadata
[ 11% 262/2317] //hardware/interfaces/radio/1.6:android.hardware.radio@1.6 license metadata
[ 11% 263/2317] Copy: out/target/product/lavender/obj/SHARED_LIBRARIES/android.hardware.radio@1.6_intermediates/android.hardware.radio@1.6.meta_lic
[ 11% 264/2317] //hardware/interfaces/radio/config/1.3:android.hardware.radio.config@1.3 license metadata
[ 11% 265/2317] //hardware/interfaces/radio/config/1.3:android.hardware.radio.config@1.3 license metadata
[ 11% 266/2317] Copy: out/target/product/lavender/obj/SHARED_LIBRARIES/android.hardware.radio.config@1.3_intermediates/android.hardware.radio.config@1.3.meta_lic
[ 11% 267/2317] //hardware/interfaces/radio/1.6:android.hardware.radio@1.6 license metadata [arm]
[ 11% 268/2317] //hardware/interfaces/radio/1.6:android.hardware.radio@1.6 license metadata [arm]
[ 11% 269/2317] Copy: out/target/product/lavender/obj/SHARED_LIBRARIES/android.hardware.radio@1.6_intermediates/android.hardware.radio@1.6_32.meta_lic
[ 11% 270/2317] //hardware/interfaces/radio/config/1.3:android.hardware.radio.config@1.3 license metadata [arm]
[ 11% 271/2317] //hardware/interfaces/radio/config/1.3:android.hardware.radio.config@1.3 license metadata [arm]
[ 11% 272/2317] Copy: out/target/product/lavender/obj/SHARED_LIBRARIES/android.hardware.radio.config@1.3_intermediates/android.hardware.radio.config@1.3_32.meta_lic
[ 11% 273/2317] //hardware/interfaces/radio/1.6:android.hardware.radio@1.6 license metadata
[ 11% 274/2317] //hardware/interfaces/radio/1.6:android.hardware.radio@1.6 license metadata
[ 11% 275/2317] Copy: out/target/product/lavender/obj/SHARED_LIBRARIES/android.hardware.radio@1.6.vendor_intermediates/android.hardware.radio@1.6.vendor.meta_lic
[ 11% 276/2317] //hardware/interfaces/radio/config/1.3:android.hardware.radio.config@1.3 license metadata
[ 11% 277/2317] //hardware/interfaces/radio/config/1.3:android.hardware.radio.config@1.3 license metadata
[ 11% 278/2317] Copy: out/target/product/lavender/obj/SHARED_LIBRARIES/android.hardware.radio.config@1.3.vendor_intermediates/android.hardware.radio.config@1.3.vendor.meta_lic
[ 12% 279/2317] //hardware/interfaces/radio/1.6:android.hardware.radio@1.6 license metadata [arm]
[ 12% 280/2317] //hardware/interfaces/radio/1.6:android.hardware.radio@1.6 license metadata [arm]
[ 12% 281/2317] Copy: out/target/product/lavender/obj/SHARED_LIBRARIES/android.hardware.radio@1.6.vendor_intermediates/android.hardware.radio@1.6.vendor_32.meta_lic
[ 12% 282/2317] //hardware/interfaces/radio/config/1.3:android.hardware.radio.config@1.3 license metadata [arm]
[ 12% 283/2317] //hardware/interfaces/radio/config/1.3:android.hardware.radio.config@1.3 license metadata [arm]
[ 12% 284/2317] Copy: out/target/product/lavender/obj/SHARED_LIBRARIES/android.hardware.radio.config@1.3.vendor_intermediates/android.hardware.radio.config@1.3.vendor_32.meta_lic
[ 12% 285/2317] //hardware/interfaces/secure_element/1.0:android.hardware.secure_element@1.0 generate toc android.hardware.secure_element@1.0.so
[ 12% 286/2317] //hardware/interfaces/secure_element/1.0:android.hardware.secure_element@1.0 generate toc android.hardware.secure_element@1.0.so [arm]
[ 12% 287/2317] HIDL c++-sources: hardware/interfaces/secure_element/1.1/ISecureElement.hal hardware/interfaces/secure_element/1.1/ISecureElementHalCallback.hal hardware/interfaces/current.txt => 'out/soong/.intermediates/hardware/interfaces/secure_element/1.1/android.hardware.secure_element@1.1_genc++/gen/android/hardware/secure_element/1.1/SecureElementAll.cpp'
[ 12% 288/2317] //hardware/interfaces/secure_element/1.1:android.hardware.secure_element@1.1_genc++ license metadata
[ 12% 289/2317] HIDL c++-headers: hardware/interfaces/secure_element/1.1/ISecureElement.hal hardware/interfaces/secure_element/1.1/ISecureElementHalCallback.hal hardware/interfaces/current.txt => 'out/soong/.intermediates/hardware/interfaces/secure_element/1.1/android.hardware.secure_element@1.1_genc++_headers/gen/android/hardware/secure_element/1.1/ISecureElement.h'
[ 12% 290/2317] //hardware/interfaces/radio/1.6:android.hardware.radio@1.6 clang++ android/hardware/radio/1.6/types.cpp [arm]
[ 12% 291/2317] //hardware/interfaces/secure_element/1.1:android.hardware.secure_element@1.1 clang++ android/hardware/secure_element/1.1/SecureElementHalCallbackAll.cpp
[ 12% 292/2317] //hardware/interfaces/secure_element/1.1:android.hardware.secure_element@1.1 clang++ android/hardware/secure_element/1.1/SecureElementAll.cpp
[ 12% 293/2317] //hardware/interfaces/secure_element/1.1:android.hardware.secure_element@1.1 link android.hardware.secure_element@1.1.so
[ 12% 294/2317] Copy symbols with mapping: out/target/product/lavender/symbols/vendor/lib64/android.hardware.secure_element@1.1.so
[ 12% 295/2317] //hardware/interfaces/secure_element/1.1:android.hardware.secure_element@1.1 strip android.hardware.secure_element@1.1.so
[ 12% 296/2317] target Prebuilt: android.hardware.secure_element@1.1.vendor (out/target/product/lavender/obj/SHARED_LIBRARIES/android.hardware.secure_element@1.1.vendor_intermediates/android.hardware.secure_element@1.1.vendor.so)
[ 12% 297/2317] Install out/target/product/lavender/vendor/lib64/android.hardware.secure_element@1.1.so
[ 12% 298/2317] //hardware/interfaces/secure_element/1.1:android.hardware.secure_element@1.1 generate toc android.hardware.secure_element@1.1.so
[ 12% 299/2317] //hardware/interfaces/secure_element/1.1:android.hardware.secure_element@1.1 clang++ android/hardware/secure_element/1.1/SecureElementAll.cpp [arm]
[ 12% 300/2317] //hardware/interfaces/secure_element/1.1:android.hardware.secure_element@1.1 clang++ android/hardware/secure_element/1.1/SecureElementHalCallbackAll.cpp [arm]
[ 12% 301/2317] //hardware/interfaces/secure_element/1.1:android.hardware.secure_element@1.1_genc++_headers license metadata
[ 13% 302/2317] //hardware/interfaces/secure_element/1.1:android.hardware.secure_element@1.1 link android.hardware.secure_element@1.1.so [arm]
[ 13% 303/2317] //hardware/interfaces/secure_element/1.1:android.hardware.secure_element@1.1 license metadata
[ 13% 304/2317] //hardware/interfaces/secure_element/1.1:android.hardware.secure_element@1.1 license metadata
[ 13% 305/2317] Copy: out/target/product/lavender/obj/SHARED_LIBRARIES/android.hardware.secure_element@1.1.vendor_intermediates/android.hardware.secure_element@1.1.vendor.meta_lic
[ 13% 306/2317] Copy symbols with mapping: out/target/product/lavender/symbols/vendor/lib/android.hardware.secure_element@1.1.so
[ 13% 307/2317] //hardware/interfaces/secure_element/1.1:android.hardware.secure_element@1.1 license metadata [arm]
[ 13% 308/2317] //hardware/interfaces/secure_element/1.1:android.hardware.secure_element@1.1 license metadata [arm]
[ 13% 309/2317] Copy: out/target/product/lavender/obj/SHARED_LIBRARIES/android.hardware.secure_element@1.1.vendor_intermediates/android.hardware.secure_element@1.1.vendor_32.meta_lic
[ 13% 310/2317] //hardware/interfaces/secure_element/1.1:android.hardware.secure_element@1.1 strip android.hardware.secure_element@1.1.so [arm]
[ 13% 311/2317] target Prebuilt: android.hardware.secure_element@1.1.vendor_32 (out/target/product/lavender/obj_arm/SHARED_LIBRARIES/android.hardware.secure_element@1.1.vendor_intermediates/android.hardware.secure_element@1.1.vendor.so)
[ 13% 312/2317] Install out/target/product/lavender/vendor/lib/android.hardware.secure_element@1.1.so
[ 13% 313/2317] HIDL c++-sources: hardware/interfaces/secure_element/1.2/ISecureElement.hal hardware/interfaces/current.txt => 'out/soong/.intermediates/hardware/interfaces/secure_element/1.2/android.hardware.secure_element@1.2_genc++/gen/android/hardware/secure_element/1.2/SecureElementAll.cpp'
[ 13% 314/2317] //hardware/interfaces/secure_element/1.2:android.hardware.secure_element@1.2_genc++ license metadata
[ 13% 315/2317] //hardware/interfaces/secure_element/1.1:android.hardware.secure_element@1.1 generate toc android.hardware.secure_element@1.1.so [arm]
[ 13% 316/2317] //hardware/interfaces/secure_element/1.2:android.hardware.secure_element@1.2_genc++_headers license metadata
[ 13% 317/2317] //hardware/interfaces/secure_element/1.2:android.hardware.secure_element@1.2 license metadata
[ 13% 318/2317] //hardware/interfaces/secure_element/1.2:android.hardware.secure_element@1.2 license metadata
[ 13% 319/2317] HIDL c++-headers: hardware/interfaces/secure_element/1.2/ISecureElement.hal hardware/interfaces/current.txt => 'out/soong/.intermediates/hardware/interfaces/secure_element/1.2/android.hardware.secure_element@1.2_genc++_headers/gen/android/hardware/secure_element/1.2/ISecureElement.h'
[ 13% 320/2317] Copy: out/target/product/lavender/obj/SHARED_LIBRARIES/android.hardware.secure_element@1.2.vendor_intermediates/android.hardware.secure_element@1.2.vendor.meta_lic
[ 13% 321/2317] //hardware/interfaces/radio/1.5:android.hardware.radio@1.5 clang++ android/hardware/radio/1.5/RadioResponseAll.cpp
[ 13% 322/2317] //hardware/interfaces/radio/1.6:android.hardware.radio@1.6 clang++ android/hardware/radio/1.6/RadioIndicationAll.cpp
[ 13% 323/2317] //hardware/interfaces/secure_element/1.2:android.hardware.secure_element@1.2 license metadata [arm]
[ 13% 324/2317] //hardware/interfaces/radio/1.5:android.hardware.radio@1.5 link android.hardware.radio@1.5.so
[ 14% 325/2317] //hardware/interfaces/secure_element/1.2:android.hardware.secure_element@1.2 license metadata [arm]
[ 14% 326/2317] Copy: out/target/product/lavender/obj/SHARED_LIBRARIES/android.hardware.secure_element@1.2.vendor_intermediates/android.hardware.secure_element@1.2.vendor_32.meta_lic
[ 14% 327/2317] Copy symbols with mapping: out/target/product/lavender/symbols/vendor/lib64/android.hardware.radio@1.5.so
[ 14% 328/2317] //hardware/interfaces/radio/1.5:android.hardware.radio@1.5 strip android.hardware.radio@1.5.so
[ 14% 329/2317] HIDL c++-sources: hardware/interfaces/wifi/hostapd/1.0/types.hal hardware/interfaces/wifi/hostapd/1.0/IHostapd.hal hardware/interfaces/current.txt => 'out/soong/.intermediates/hardware/interfaces/wifi/hostapd/1.0/android.hardware.wifi.hostapd@1.0_genc++/gen/android/hardware/wifi/hostapd/1.0/HostapdAll.cpp'
[ 14% 330/2317] target Prebuilt: android.hardware.radio@1.5.vendor (out/target/product/lavender/obj/SHARED_LIBRARIES/android.hardware.radio@1.5.vendor_intermediates/android.hardware.radio@1.5.vendor.so)
[ 14% 331/2317] Install out/target/product/lavender/vendor/lib64/android.hardware.radio@1.5.so
[ 14% 332/2317] //hardware/interfaces/wifi/hostapd/1.0:android.hardware.wifi.hostapd@1.0_genc++ license metadata
[ 14% 333/2317] //hardware/interfaces/radio/1.5:android.hardware.radio@1.5 generate toc android.hardware.radio@1.5.so
[ 14% 334/2317] //hardware/interfaces/wifi/hostapd/1.0:android.hardware.wifi.hostapd@1.0_genc++_headers license metadata
[ 14% 335/2317] HIDL c++-headers: hardware/interfaces/wifi/hostapd/1.0/types.hal hardware/interfaces/wifi/hostapd/1.0/IHostapd.hal hardware/interfaces/current.txt => 'out/soong/.intermediates/hardware/interfaces/wifi/hostapd/1.0/android.hardware.wifi.hostapd@1.0_genc++_headers/gen/android/hardware/wifi/hostapd/1.0/IHostapd.h'
[ 14% 336/2317] HIDL c++-sources: hardware/interfaces/wifi/supplicant/1.0/types.hal hardware/interfaces/wifi/supplicant/1.0/ISupplicant.hal hardware/interfaces/wifi/supplicant/1.0/ISupplicantCallback.hal hardware/interfaces/wifi/supplicant/1.0/ISupplicantIface.hal hardware/interfaces/wifi/supplicant/1.0/ISupplicantNetwork.hal hardware/interfaces/wifi/supplicant/1.0/ISupplicantP2pIface.hal hardware/interfaces/wifi/supplicant/1.0/ISupplicantP2pIfaceCallback.hal hardware/interfaces/wifi/supplicant/1.0/ISupplicantP2pNetwork.hal hardware/interfaces/wifi/supplicant/1.0/ISupplicantP2pNetworkCallback.hal hardware/interfaces/wifi/supplicant/1.0/ISupplicantStaIface.hal hardware/interfaces/wifi/supplicant/1.0/ISupplicantStaIfaceCallback.hal hardware/interfaces/wifi/supplicant/1.0/ISupplicantStaNetwork.hal hardware/interfaces/wifi/supplicant/1.0/ISupplicantStaNetworkCallback.hal hardware/interfaces/current.txt => 'out/soong/.intermediates/hardware/interfaces/wifi/supplicant/1.0/android.hardware.wifi.supplicant@1.0_genc++/gen/android/hardware/wifi/supplicant/1.0/SupplicantAll.cpp'
[ 14% 337/2317] //hardware/interfaces/wifi/supplicant/1.0:android.hardware.wifi.supplicant@1.0_genc++ license metadata
[ 14% 338/2317] //hardware/interfaces/wifi/supplicant/1.0:android.hardware.wifi.supplicant@1.0_genc++_headers license metadata
[ 14% 339/2317] //hardware/interfaces/wifi/supplicant/1.0:android.hardware.wifi.supplicant@1.0 license metadata
[ 14% 340/2317] //hardware/interfaces/wifi/supplicant/1.0:android.hardware.wifi.supplicant@1.0 license metadata
[ 14% 341/2317] Copy: out/target/product/lavender/obj/SHARED_LIBRARIES/android.hardware.wifi.supplicant@1.0.vendor_intermediates/android.hardware.wifi.supplicant@1.0.vendor.meta_lic
[ 14% 342/2317] //hardware/interfaces/radio/1.6:android.hardware.radio@1.6 clang++ android/hardware/radio/1.6/RadioIndicationAll.cpp [arm]
[ 14% 343/2317] //hardware/interfaces/wifi/supplicant/1.0:android.hardware.wifi.supplicant@1.0 license metadata [arm]
[ 14% 344/2317] //hardware/interfaces/wifi/hostapd/1.0:android.hardware.wifi.hostapd@1.0 license metadata
[ 14% 345/2317] //hardware/interfaces/wifi/hostapd/1.0:android.hardware.wifi.hostapd@1.0 license metadata
[ 14% 346/2317] //hardware/interfaces/wifi/supplicant/1.0:android.hardware.wifi.supplicant@1.0 license metadata [arm]
[ 14% 347/2317] Copy: out/target/product/lavender/obj/SHARED_LIBRARIES/android.hardware.wifi.hostapd@1.0.vendor_intermediates/android.hardware.wifi.hostapd@1.0.vendor.meta_lic
[ 15% 348/2317] Copy: out/target/product/lavender/obj/SHARED_LIBRARIES/android.hardware.wifi.supplicant@1.0.vendor_intermediates/android.hardware.wifi.supplicant@1.0.vendor_32.meta_lic
[ 15% 349/2317] //system/libhidl/transport/base/1.0:android.hidl.base-V1.0-java write dexpreopt.config [common]
[ 15% 350/2317] Copy: out/target/product/lavender/dexpreopt_config/android.hidl.base-V1.0-java_dexpreopt.config
[ 15% 351/2317] //hardware/interfaces/wifi/hostapd/1.0:android.hardware.wifi.hostapd@1.0 license metadata [arm]
[ 15% 352/2317] Copy: out/target/product/lavender/obj/JAVA_LIBRARIES/android.hidl.base-V1.0-java_intermediates/javalib.jar
[ 15% 353/2317] //hardware/interfaces/wifi/hostapd/1.0:android.hardware.wifi.hostapd@1.0 license metadata [arm]
[ 15% 354/2317] Copy: out/target/product/lavender/obj/SHARED_LIBRARIES/android.hardware.wifi.hostapd@1.0.vendor_intermediates/android.hardware.wifi.hostapd@1.0.vendor_32.meta_lic
[ 15% 355/2317] Install out/target/product/lavender/system/framework/android.hidl.base-V1.0-java.jar
[ 15% 356/2317] //system/libhidl/transport/manager/1.0:android.hidl.manager-V1.0-java write dexpreopt.config [common]
[ 15% 357/2317] Copy: out/target/product/lavender/dexpreopt_config/android.hidl.manager-V1.0-java_dexpreopt.config
[ 15% 358/2317] Copy: out/target/product/lavender/obj/JAVA_LIBRARIES/android.hidl.manager-V1.0-java_intermediates/javalib.jar
[ 15% 359/2317] Install out/target/product/lavender/system/framework/android.hidl.manager-V1.0-java.jar
[ 15% 360/2317] build out/target/product/lavender/gen/META/lic_intermediates/out/target/product/lavender/vendor.img.meta_lic
[ 15% 361/2317] HIDL c++-headers: hardware/interfaces/wifi/supplicant/1.0/types.hal hardware/interfaces/wifi/supplicant/1.0/ISupplicant.hal hardware/interfaces/wifi/supplicant/1.0/ISupplicantCallback.hal hardware/interfaces/wifi/supplicant/1.0/ISupplicantIface.hal hardware/interfaces/wifi/supplicant/1.0/ISupplicantNetwork.hal hardware/interfaces/wifi/supplicant/1.0/ISupplicantP2pIface.hal hardware/interfaces/wifi/supplicant/1.0/ISupplicantP2pIfaceCallback.hal hardware/interfaces/wifi/supplicant/1.0/ISupplicantP2pNetwork.hal hardware/interfaces/wifi/supplicant/1.0/ISupplicantP2pNetworkCallback.hal hardware/interfaces/wifi/supplicant/1.0/ISupplicantStaIface.hal hardware/interfaces/wifi/supplicant/1.0/ISupplicantStaIfaceCallback.hal hardware/interfaces/wifi/supplicant/1.0/ISupplicantStaNetwork.hal hardware/interfaces/wifi/supplicant/1.0/ISupplicantStaNetworkCallback.hal hardware/interfaces/current.txt => 'out/soong/.intermediates/hardware/interfaces/wifi/supplicant/1.0/android.hardware.wifi.supplicant@1.0_genc++_headers/gen/android/hardware/wifi/supplicant/1.0/ISupplicant.h'
[ 15% 362/2317] build out/target/product/lavender/obj/NOTICE_VENDOR.xml.gz
[ 15% 363/2317] build out/target/product/lavender/vendor/etc/NOTICE.xml.gz
[ 15% 364/2317] //hardware/interfaces/secure_element/1.2:android.hardware.secure_element@1.2 clang++ android/hardware/secure_element/1.2/SecureElementAll.cpp
[ 15% 365/2317] //hardware/interfaces/secure_element/1.2:android.hardware.secure_element@1.2 link android.hardware.secure_element@1.2.so
[ 15% 366/2317] //hardware/interfaces/secure_element/1.2:android.hardware.secure_element@1.2 clang++ android/hardware/secure_element/1.2/SecureElementAll.cpp [arm]
[ 15% 367/2317] Copy symbols with mapping: out/target/product/lavender/symbols/vendor/lib64/android.hardware.secure_element@1.2.so
[ 15% 368/2317] //hardware/interfaces/secure_element/1.2:android.hardware.secure_element@1.2 link android.hardware.secure_element@1.2.so [arm]
[ 15% 369/2317] //hardware/interfaces/secure_element/1.2:android.hardware.secure_element@1.2 strip android.hardware.secure_element@1.2.so
[ 15% 370/2317] target Prebuilt: android.hardware.secure_element@1.2.vendor (out/target/product/lavender/obj/SHARED_LIBRARIES/android.hardware.secure_element@1.2.vendor_intermediates/android.hardware.secure_element@1.2.vendor.so)
[ 16% 371/2317] Install out/target/product/lavender/vendor/lib64/android.hardware.secure_element@1.2.so
[ 16% 372/2317] Copy symbols with mapping: out/target/product/lavender/symbols/vendor/lib/android.hardware.secure_element@1.2.so
[ 16% 373/2317] //hardware/interfaces/secure_element/1.2:android.hardware.secure_element@1.2 strip android.hardware.secure_element@1.2.so [arm]
[ 16% 374/2317] target Prebuilt: android.hardware.secure_element@1.2.vendor_32 (out/target/product/lavender/obj_arm/SHARED_LIBRARIES/android.hardware.secure_element@1.2.vendor_intermediates/android.hardware.secure_element@1.2.vendor.so)
[ 16% 375/2317] Install out/target/product/lavender/vendor/lib/android.hardware.secure_element@1.2.so
[ 16% 376/2317] //hardware/interfaces/wifi/hostapd/1.0:android.hardware.wifi.hostapd@1.0 clang++ android/hardware/wifi/hostapd/1.0/types.cpp
[ 16% 377/2317] //hardware/interfaces/radio/1.6:android.hardware.radio@1.6 clang++ android/hardware/radio/1.6/RadioIndicationAll.cpp
[ 16% 378/2317] //hardware/interfaces/wifi/hostapd/1.0:android.hardware.wifi.hostapd@1.0 clang++ android/hardware/wifi/hostapd/1.0/types.cpp [arm]
[ 16% 379/2317] //hardware/interfaces/radio/1.5:android.hardware.radio@1.5 clang++ android/hardware/radio/1.5/RadioAll.cpp [arm]
[ 16% 380/2317] //system/hardware/interfaces/net/netd/1.0:android.system.net.netd@1.0 clang++ android/system/net/netd/1.0/NetdAll.cpp [arm]
[ 16% 381/2317] //hardware/interfaces/radio/1.6:android.hardware.radio@1.6 clang++ android/hardware/radio/1.6/RadioIndicationAll.cpp [arm]
[ 16% 382/2317] //hardware/interfaces/wifi/hostapd/1.0:android.hardware.wifi.hostapd@1.0 clang++ android/hardware/wifi/hostapd/1.0/HostapdAll.cpp
[ 16% 383/2317] //hardware/interfaces/wifi/supplicant/1.0:android.hardware.wifi.supplicant@1.0 clang++ android/hardware/wifi/supplicant/1.0/SupplicantCallbackAll.cpp
[ 16% 384/2317] //hardware/interfaces/wifi/hostapd/1.0:android.hardware.wifi.hostapd@1.0 clang++ android/hardware/wifi/hostapd/1.0/HostapdAll.cpp [arm]
[ 16% 385/2317] //hardware/interfaces/wifi/supplicant/1.0:android.hardware.wifi.supplicant@1.0 clang++ android/hardware/wifi/supplicant/1.0/SupplicantAll.cpp
[ 16% 386/2317] //hardware/interfaces/wifi/supplicant/1.0:android.hardware.wifi.supplicant@1.0 clang++ android/hardware/wifi/supplicant/1.0/SupplicantNetworkAll.cpp
[ 16% 387/2317] //hardware/interfaces/wifi/supplicant/1.0:android.hardware.wifi.supplicant@1.0 clang++ android/hardware/wifi/supplicant/1.0/SupplicantP2pNetworkCallbackAll.cpp
[ 16% 388/2317] //hardware/interfaces/wifi/supplicant/1.0:android.hardware.wifi.supplicant@1.0 clang++ android/hardware/wifi/supplicant/1.0/SupplicantP2pIfaceCallbackAll.cpp
[ 16% 389/2317] //hardware/interfaces/wifi/supplicant/1.0:android.hardware.wifi.supplicant@1.0 clang++ android/hardware/wifi/supplicant/1.0/SupplicantP2pNetworkAll.cpp
[ 16% 390/2317] //hardware/interfaces/wifi/supplicant/1.0:android.hardware.wifi.supplicant@1.0 clang++ android/hardware/wifi/supplicant/1.0/SupplicantIfaceAll.cpp
[ 16% 391/2317] //hardware/interfaces/wifi/supplicant/1.0:android.hardware.wifi.supplicant@1.0 clang++ android/hardware/wifi/supplicant/1.0/types.cpp
[ 16% 392/2317] //hardware/interfaces/radio/1.5:android.hardware.radio@1.5 clang++ android/hardware/radio/1.5/RadioResponseAll.cpp [arm]
[ 16% 393/2317] //hardware/interfaces/radio/1.5:android.hardware.radio@1.5 link android.hardware.radio@1.5.so [arm]
[ 17% 394/2317] //hardware/interfaces/wifi/supplicant/1.0:android.hardware.wifi.supplicant@1.0 clang++ android/hardware/wifi/supplicant/1.0/SupplicantStaNetworkCallbackAll.cpp
[ 17% 395/2317] Copy symbols with mapping: out/target/product/lavender/symbols/vendor/lib/android.hardware.radio@1.5.so
[ 17% 396/2317] APK certs list: out/target/product/lavender/obj/PACKAGING/apkcerts_intermediates/p404_lavender-apkcerts-eng.root.txt
[ 17% 397/2317] //hardware/interfaces/radio/1.5:android.hardware.radio@1.5 strip android.hardware.radio@1.5.so [arm]
[ 17% 398/2317] target Prebuilt: android.hardware.radio@1.5.vendor_32 (out/target/product/lavender/obj_arm/SHARED_LIBRARIES/android.hardware.radio@1.5.vendor_intermediates/android.hardware.radio@1.5.vendor.so)
[ 17% 399/2317] Install out/target/product/lavender/vendor/lib/android.hardware.radio@1.5.so
[ 17% 400/2317] //hardware/interfaces/radio/1.5:android.hardware.radio@1.5 generate toc android.hardware.radio@1.5.so [arm]
[ 17% 401/2317] //hardware/interfaces/wifi/supplicant/1.0:android.hardware.wifi.supplicant@1.0 clang++ android/hardware/wifi/supplicant/1.0/SupplicantStaIfaceCallbackAll.cpp
[ 17% 402/2317] //hardware/interfaces/wifi/supplicant/1.0:android.hardware.wifi.supplicant@1.0 clang++ android/hardware/wifi/supplicant/1.0/SupplicantCallbackAll.cpp [arm]
[ 17% 403/2317] //hardware/interfaces/wifi/supplicant/1.0:android.hardware.wifi.supplicant@1.0 clang++ android/hardware/wifi/supplicant/1.0/SupplicantNetworkAll.cpp [arm]
[ 17% 404/2317] //hardware/interfaces/wifi/supplicant/1.0:android.hardware.wifi.supplicant@1.0 clang++ android/hardware/wifi/supplicant/1.0/SupplicantAll.cpp [arm]
[ 17% 405/2317] //hardware/interfaces/wifi/supplicant/1.0:android.hardware.wifi.supplicant@1.0 clang++ android/hardware/wifi/supplicant/1.0/SupplicantP2pNetworkCallbackAll.cpp [arm]
[ 17% 406/2317] //hardware/interfaces/wifi/supplicant/1.0:android.hardware.wifi.supplicant@1.0 clang++ android/hardware/wifi/supplicant/1.0/SupplicantP2pIfaceCallbackAll.cpp [arm]
[ 17% 407/2317] //hardware/interfaces/wifi/supplicant/1.0:android.hardware.wifi.supplicant@1.0 clang++ android/hardware/wifi/supplicant/1.0/SupplicantIfaceAll.cpp [arm]
[ 17% 408/2317] //hardware/interfaces/wifi/supplicant/1.0:android.hardware.wifi.supplicant@1.0 clang++ android/hardware/wifi/supplicant/1.0/types.cpp [arm]
[ 17% 409/2317] //system/hardware/interfaces/net/netd/1.0:android.system.net.netd@1.0 link android.system.net.netd@1.0.so [arm]
[ 17% 410/2317] //hardware/interfaces/wifi/supplicant/1.0:android.hardware.wifi.supplicant@1.0 clang++ android/hardware/wifi/supplicant/1.0/SupplicantP2pNetworkAll.cpp [arm]
[ 17% 411/2317] Copy symbols with mapping: out/target/product/lavender/symbols/system/lib/android.system.net.netd@1.0.so
[ 17% 412/2317] //system/hardware/interfaces/net/netd/1.0:android.system.net.netd@1.0 license metadata [arm]
[ 17% 413/2317] //system/hardware/interfaces/net/netd/1.0:android.system.net.netd@1.0 license metadata [arm]
[ 17% 414/2317] Copy: out/target/product/lavender/obj/SHARED_LIBRARIES/android.system.net.netd@1.0_intermediates/android.system.net.netd@1.0_32.meta_lic
[ 17% 415/2317] //system/hardware/interfaces/net/netd/1.0:android.system.net.netd@1.0 strip android.system.net.netd@1.0.so [arm]
[ 17% 416/2317] target Prebuilt: android.system.net.netd@1.0_32 (out/target/product/lavender/obj_arm/SHARED_LIBRARIES/android.system.net.netd@1.0_intermediates/android.system.net.netd@1.0.so)
[ 17% 417/2317] Install out/target/product/lavender/system/lib/android.system.net.netd@1.0.so
[ 18% 418/2317] //system/hardware/interfaces/net/netd/1.0:android.system.net.netd@1.0 generate toc android.system.net.netd@1.0.so [arm]
[ 18% 419/2317] //system/hardware/interfaces/net/netd/1.1:android.system.net.netd@1.1 license metadata [arm]
[ 18% 420/2317] //system/hardware/interfaces/net/netd/1.1:android.system.net.netd@1.1 license metadata [arm]
[ 18% 421/2317] Copy: out/target/product/lavender/obj/SHARED_LIBRARIES/android.system.net.netd@1.1_intermediates/android.system.net.netd@1.1_32.meta_lic
[ 18% 422/2317] //frameworks/base/test-base:android.test.base write dexpreopt.config [common]
[ 18% 423/2317] Copy: out/target/product/lavender/dexpreopt_config/android.test.base_dexpreopt.config
[ 18% 424/2317] Copy: out/target/product/lavender/obj/JAVA_LIBRARIES/android.test.base_intermediates/javalib.jar
[ 18% 425/2317] Install out/target/product/lavender/system/framework/android.test.base.jar
[ 18% 426/2317] //frameworks/base/test-mock:android.test.mock write dexpreopt.config [common]
[ 18% 427/2317] Copy: out/target/product/lavender/dexpreopt_config/android.test.mock_dexpreopt.config
[ 18% 428/2317] Copy: out/target/product/lavender/obj/JAVA_LIBRARIES/android.test.mock_intermediates/javalib.jar
[ 18% 429/2317] Install out/target/product/lavender/system/framework/android.test.mock.jar
[ 18% 430/2317] //frameworks/base/test-runner:android.test.runner write dexpreopt.config [common]
[ 18% 431/2317] Copy: out/target/product/lavender/dexpreopt_config/android.test.runner_dexpreopt.config
[ 18% 432/2317] Copy: out/target/product/lavender/obj/JAVA_LIBRARIES/android.test.runner_intermediates/javalib.jar
[ 18% 433/2317] Install out/target/product/lavender/system/framework/android.test.runner.jar
[ 18% 434/2317] //frameworks/base/libs/usb:com.android.future.usb.accessory write dexpreopt.config [common]
[ 18% 435/2317] Copy: out/target/product/lavender/dexpreopt_config/com.android.future.usb.accessory_dexpreopt.config
[ 18% 436/2317] Copy: out/target/product/lavender/obj/JAVA_LIBRARIES/com.android.future.usb.accessory_intermediates/javalib.jar
[ 18% 437/2317] Install out/target/product/lavender/system/framework/com.android.future.usb.accessory.jar
[ 18% 438/2317] //frameworks/base/location/lib:com.android.location.provider write dexpreopt.config [common]
[ 18% 439/2317] Copy: out/target/product/lavender/dexpreopt_config/com.android.location.provider_dexpreopt.config
[ 18% 440/2317] Copy: out/target/product/lavender/obj/JAVA_LIBRARIES/com.android.location.provider_intermediates/javalib.jar
[ 19% 441/2317] Install out/target/product/lavender/system/framework/com.android.location.provider.jar
[ 19% 442/2317] //frameworks/base/media/lib/remotedisplay:com.android.media.remotedisplay write dexpreopt.config [common]
[ 19% 443/2317] Copy: out/target/product/lavender/dexpreopt_config/com.android.media.remotedisplay_dexpreopt.config
[ 19% 444/2317] //hardware/interfaces/radio/1.6:android.hardware.radio@1.6 clang++ android/hardware/radio/1.6/RadioAll.cpp
[ 19% 445/2317] //frameworks/base/media/lib/signer:com.android.mediadrm.signer write dexpreopt.config [common]
[ 19% 446/2317] Copy: out/target/product/lavender/dexpreopt_config/com.android.mediadrm.signer_dexpreopt.config
[ 19% 447/2317] Copy: out/target/product/lavender/obj/JAVA_LIBRARIES/com.android.mediadrm.signer_intermediates/javalib.jar
[ 19% 448/2317] Install out/target/product/lavender/system/framework/com.android.mediadrm.signer.jar
[ 19% 449/2317] //frameworks/base:ext write dexpreopt.config [common]
[ 19% 450/2317] Copy: out/target/product/lavender/dexpreopt_config/ext_dexpreopt.config
[ 19% 451/2317] //vendor/codeaurora/commonsys/telephony/extphone:extphonelib write dexpreopt.config [common]
[ 19% 452/2317] Copy: out/target/product/lavender/obj/JAVA_LIBRARIES/com.android.media.remotedisplay_intermediates/javalib.jar
[ 19% 453/2317] Copy: out/target/product/lavender/dexpreopt_config/extphonelib_dexpreopt.config
[ 19% 454/2317] Install out/target/product/lavender/system/framework/com.android.media.remotedisplay.jar
[ 19% 455/2317] //vendor/codeaurora/commonsys/telephony/extphone:extphonelib-product write dexpreopt.config [common]
[ 19% 456/2317] Copy: out/target/product/lavender/dexpreopt_config/extphonelib-product_dexpreopt.config
[ 19% 457/2317] Copy: out/target/product/lavender/obj/JAVA_LIBRARIES/extphonelib-product_intermediates/javalib.jar
[ 19% 458/2317] Copy: out/target/product/lavender/obj/JAVA_LIBRARIES/extphonelib_intermediates/javalib.jar
[ 19% 459/2317] Install out/target/product/lavender/system/product/framework/extphonelib-product.jar
[ 19% 460/2317] //frameworks/base/libs/hwui:framework-graphics write dexpreopt.config [common]
[ 19% 461/2317] Install out/target/product/lavender/system/system_ext/framework/extphonelib.jar
[ 19% 462/2317] //frameworks/base:framework-minus-apex write dexpreopt.config [common]
[ 19% 463/2317] Copy: out/target/product/lavender/dexpreopt_config/framework-graphics_dexpreopt.config
[ 20% 464/2317] Copy: out/target/product/lavender/dexpreopt_config/framework-minus-apex_dexpreopt.config
[ 20% 465/2317] //frameworks/opt/net/ims:ims-common write dexpreopt.config [common]
[ 20% 466/2317] Copy: out/target/product/lavender/dexpreopt_config/ims-common_dexpreopt.config
[ 20% 467/2317] //vendor/codeaurora/commonsys/telephony/ims/ims-ext-common:ims-ext-common write dexpreopt.config [common]
[ 20% 468/2317] Copy: out/target/product/lavender/dexpreopt_config/ims-ext-common_dexpreopt.config
[ 20% 469/2317] Copy: out/target/product/lavender/obj/JAVA_LIBRARIES/ims-ext-common_intermediates/javalib.jar
[ 20% 470/2317] Install out/target/product/lavender/system/product/framework/ims-ext-common.jar
[ 20% 471/2317] //frameworks/base/obex:javax.obex write dexpreopt.config [common]
[ 20% 472/2317] Copy: out/target/product/lavender/dexpreopt_config/javax.obex_dexpreopt.config
[ 20% 473/2317] Copy: out/target/product/lavender/obj/JAVA_LIBRARIES/javax.obex_intermediates/javalib.jar
[ 20% 474/2317] Install out/target/product/lavender/system/framework/javax.obex.jar
[ 20% 475/2317] //frameworks/base/tools/lock_agent:lockagent write dexpreopt.config [common]
[ 20% 476/2317] Copy: out/target/product/lavender/dexpreopt_config/lockagent_dexpreopt.config
[ 20% 477/2317] //hardware/interfaces/wifi/supplicant/1.0:android.hardware.wifi.supplicant@1.0 clang++ android/hardware/wifi/supplicant/1.0/SupplicantStaIfaceAll.cpp
[ 20% 478/2317] Copy: out/target/product/lavender/obj/JAVA_LIBRARIES/lockagent_intermediates/javalib.jar
[ 20% 479/2317] Install out/target/product/lavender/system/framework/lockagent.jar
[ 20% 480/2317] //system/sepolicy:odm_sepolicy.conf Transform policy to conf: odm_sepolicy.conf [common]
[ 20% 481/2317] //external/apache-http:org.apache.http.legacy write dexpreopt.config [common]
[ 20% 482/2317] Copy: out/target/product/lavender/dexpreopt_config/org.apache.http.legacy_dexpreopt.config
[ 20% 483/2317] Copy: out/target/product/lavender/obj/JAVA_LIBRARIES/org.apache.http.legacy_intermediates/javalib.jar
[ 20% 484/2317] Install out/target/product/lavender/system/framework/org.apache.http.legacy.jar
[ 20% 485/2317] //frameworks/base/boot:platform-bootclasspath write bootclasspath.pb.textproto [common]
[ 20% 486/2317] //system/sepolicy:plat_policy_for_vendor.conf Transform policy to conf: plat_policy_for_vendor.conf [common]
[ 21% 487/2317] //hardware/interfaces/wifi/supplicant/1.0:android.hardware.wifi.supplicant@1.0 clang++ android/hardware/wifi/supplicant/1.0/SupplicantStaNetworkCallbackAll.cpp [arm]
[ 21% 488/2317] //hardware/interfaces/wifi/supplicant/1.0:android.hardware.wifi.supplicant@1.0 clang++ android/hardware/wifi/supplicant/1.0/SupplicantStaIfaceCallbackAll.cpp [arm]
[ 21% 489/2317] //frameworks/base/boot:platform-bootclasspath Compiling out/soong/.intermediates/frameworks/base/boot/platform-bootclasspath/android_common/bootclasspath.pb [common]
[ 21% 490/2317] //system/sepolicy/contexts:product_property_contexts building contexts: product_property_contexts [common]
[ 21% 491/2317] target Prebuilt: product_property_contexts (out/target/product/lavender/obj/ETC/product_property_contexts_intermediates/product_property_contexts)
[ 21% 492/2317] target Prebuilt: product_property_contexts.recovery (out/target/product/lavender/obj/ETC/product_property_contexts.recovery_intermediates/product_property_contexts.recovery)
[ 21% 493/2317] target Prebuilt: platform-bootclasspath (out/target/product/lavender/obj/ETC/platform-bootclasspath_intermediates/platform-bootclasspath)
[ 21% 494/2317] Install out/target/product/lavender/recovery/root/product_property_contexts
[ 21% 495/2317] Install: out/target/product/lavender/system/etc/classpaths/bootclasspath.pb
[ 21% 496/2317] //system/sepolicy/contexts:product_service_contexts building contexts: product_service_contexts [common]
[ 21% 497/2317] //system/sepolicy:product_sepolicy.conf Transform policy to conf: product_sepolicy.conf [common]
[ 21% 498/2317] //system/sepolicy:pub_policy.conf Transform policy to conf: pub_policy.conf [common]
[ 21% 499/2317] target Prebuilt: product_service_contexts.recovery (out/target/product/lavender/obj/ETC/product_service_contexts.recovery_intermediates/product_service_contexts.recovery)
[ 21% 500/2317] Install out/target/product/lavender/recovery/root/product_service_contexts
[ 21% 501/2317] //system/sepolicy:pub_policy_for_vendor.conf Transform policy to conf: pub_policy_for_vendor.conf [common]
[ 21% 502/2317] //system/sepolicy/contexts:product_file_contexts.recovery building contexts: product_file_contexts.recovery [common]
[ 21% 503/2317] target Prebuilt: product_file_contexts.recovery (out/target/product/lavender/obj/ETC/product_file_contexts.recovery_intermediates/product_file_contexts.recovery)
[ 21% 504/2317] Install out/target/product/lavender/recovery/root/product_file_contexts
[ 21% 505/2317] //vendor/qcom/opensource/commonsys/fm/qcom/fmradio:qcom.fmradio write dexpreopt.config [common]
[ 21% 506/2317] Copy: out/target/product/lavender/dexpreopt_config/qcom.fmradio_dexpreopt.config
[ 21% 507/2317] //vendor/codeaurora/commonsys/telephony/qti-hidl-wrapper:qti-telephony-hidl-wrapper write dexpreopt.config [common]
[ 21% 508/2317] Copy: out/target/product/lavender/dexpreopt_config/qti-telephony-hidl-wrapper_dexpreopt.config
[ 21% 509/2317] Copy: out/target/product/lavender/obj/JAVA_LIBRARIES/qti-telephony-hidl-wrapper_intermediates/javalib.jar
[ 22% 510/2317] Install out/target/product/lavender/system/system_ext/framework/qti-telephony-hidl-wrapper.jar
[ 22% 511/2317] //vendor/codeaurora/commonsys/telephony/qti-hidl-wrapper:qti-telephony-hidl-wrapper-prd for turbine [common]
[ 22% 512/2317] Copy: out/target/common/obj/JAVA_LIBRARIES/qti-telephony-hidl-wrapper-prd_intermediates/classes-header.jar
[ 22% 513/2317] //vendor/codeaurora/commonsys/telephony/qti-hidl-wrapper:qti-telephony-hidl-wrapper-prd for javac [common]
[ 22% 514/2317] Copy: out/target/common/obj/JAVA_LIBRARIES/qti-telephony-hidl-wrapper-prd_intermediates/classes.jar
[ 22% 515/2317] //hardware/interfaces/radio/1.6:android.hardware.radio@1.6 clang++ android/hardware/radio/1.6/RadioAll.cpp [arm]
[ 22% 516/2317] //vendor/codeaurora/commonsys/telephony/qti-hidl-wrapper:qti-telephony-hidl-wrapper-prd write dexpreopt.config [common]
[ 22% 517/2317] Copy: out/target/product/lavender/dexpreopt_config/qti-telephony-hidl-wrapper-prd_dexpreopt.config
[ 22% 518/2317] //vendor/codeaurora/commonsys/telephony/qti-hidl-wrapper:qti-telephony-hidl-wrapper-prd license metadata [common]
[ 22% 519/2317] Copy: out/target/product/lavender/obj/JAVA_LIBRARIES/qti-telephony-hidl-wrapper-prd_intermediates/qti-telephony-hidl-wrapper-prd.meta_lic
[ 22% 520/2317] //vendor/codeaurora/commonsys/telephony/qti-utils:qti-telephony-utils write dexpreopt.config [common]
[ 22% 521/2317] Copy: out/target/product/lavender/dexpreopt_config/qti-telephony-utils_dexpreopt.config
[ 22% 522/2317] Copy: out/target/product/lavender/obj/JAVA_LIBRARIES/qti-telephony-utils_intermediates/javalib.jar
[ 22% 523/2317] Install out/target/product/lavender/system/system_ext/framework/qti-telephony-utils.jar
[ 22% 524/2317] //system/sepolicy:pub_policy_for_vendor.cil Building cil for pub_policy_for_vendor.cil [common]
[ 22% 525/2317] //system/sepolicy:plat_mapping_file_for_vendor Versioning mapping file plat_mapping_file_for_vendor [common]
[ 22% 526/2317] //system/sepolicy:pub_policy.cil Building cil for pub_policy.cil [common]
[ 22% 527/2317] //hardware/interfaces/radio/1.6:android.hardware.radio@1.6 clang++ android/hardware/radio/1.6/RadioAll.cpp
[ 22% 528/2317] //vendor/codeaurora/commonsys/telephony/qti-utils:qti-telephony-utils-prd write dexpreopt.config [common]
[ 22% 529/2317] //system/sepolicy:plat_pub_versioned.cil Versioning mapping file plat_pub_versioned.cil [common]
[ 22% 530/2317] Copy: out/target/product/lavender/dexpreopt_config/qti-telephony-utils-prd_dexpreopt.config
[ 22% 531/2317] //vendor/codeaurora/commonsys/telephony/qti-utils:qti-telephony-utils-prd license metadata [common]
[ 22% 532/2317] target Prebuilt: plat_pub_versioned.cil (out/target/product/lavender/obj/ETC/plat_pub_versioned.cil_intermediates/plat_pub_versioned.cil)
[ 23% 533/2317] Install out/target/product/lavender/vendor/etc/selinux/plat_pub_versioned.cil
[ 23% 534/2317] Copy: out/target/product/lavender/obj/JAVA_LIBRARIES/qti-telephony-utils-prd_intermediates/qti-telephony-utils-prd.meta_lic
[ 23% 535/2317] cp out/soong/.intermediates/vendor/codeaurora/commonsys/telephony/qti-hidl-wrapper/qti_telephony_hidl_wrapper_prd.xml/android_arm64_armv8-a_cortex-a73/qti_telephony_hidl_wrapper_prd.xml
[ 23% 536/2317] //vendor/codeaurora/commonsys/telephony/qti-hidl-wrapper:qti_telephony_hidl_wrapper_prd.xml license metadata
[ 23% 537/2317] //system/hardware/interfaces/net/netd/1.1:android.system.net.netd@1.1 clang++ android/system/net/netd/1.1/NetdAll.cpp [arm]
[ 23% 538/2317] target Prebuilt: qti_telephony_hidl_wrapper_prd.xml (out/target/product/lavender/obj/ETC/qti_telephony_hidl_wrapper_prd.xml_intermediates/qti_telephony_hidl_wrapper_prd.xml)
[ 23% 539/2317] Copy: out/target/product/lavender/obj/ETC/qti_telephony_hidl_wrapper_prd.xml_intermediates/qti_telephony_hidl_wrapper_prd.xml.meta_lic
[ 23% 540/2317] Install out/target/product/lavender/system/product/etc/permissions/qti_telephony_hidl_wrapper_prd.xml
[ 23% 541/2317] //vendor/codeaurora/commonsys/telephony/qti-utils:qti_telephony_utils_prd.xml license metadata
[ 23% 542/2317] cp out/soong/.intermediates/vendor/codeaurora/commonsys/telephony/qti-utils/qti_telephony_utils_prd.xml/android_arm64_armv8-a_cortex-a73/qti_telephony_utils_prd.xml
[ 23% 543/2317] Copy: out/target/product/lavender/obj/ETC/qti_telephony_utils_prd.xml_intermediates/qti_telephony_utils_prd.xml.meta_lic
[ 23% 544/2317] //system/hardware/interfaces/net/netd/1.1:android.system.net.netd@1.1 link android.system.net.netd@1.1.so [arm]
[ 23% 545/2317] target Prebuilt: qti_telephony_utils_prd.xml (out/target/product/lavender/obj/ETC/qti_telephony_utils_prd.xml_intermediates/qti_telephony_utils_prd.xml)
[ 23% 546/2317] Install out/target/product/lavender/system/product/etc/permissions/qti_telephony_utils_prd.xml
[ 23% 547/2317] //system/sepolicy:recovery_sepolicy.conf Transform policy to conf: recovery_sepolicy.conf [common]
[ 23% 548/2317] Copy symbols with mapping: out/target/product/lavender/symbols/system/lib/android.system.net.netd@1.1.so
[ 23% 549/2317] //frameworks/base/services:services write dexpreopt.config [common]
[ 23% 550/2317] Copy: out/target/product/lavender/dexpreopt_config/services_dexpreopt.config
[ 23% 551/2317] //system/hardware/interfaces/net/netd/1.1:android.system.net.netd@1.1 strip android.system.net.netd@1.1.so [arm]
[ 23% 552/2317] //system/sepolicy:recovery_sepolicy.cil Building cil for recovery_sepolicy.cil [common]
FAILED: out/soong/.intermediates/system/sepolicy/recovery_sepolicy.cil/android_common/recovery_sepolicy.cil
out/host/linux-x86/bin/checkpolicy -C -M -c 30 -o out/soong/.intermediates/system/sepolicy/recovery_sepolicy.cil/android_common/recovery_sepolicy.cil out/soong/.intermediates/system/sepolicy/recovery_sepolicy.conf/android_common/recovery_sepolicy.conf # hash of input list: a316674d1dc0868a105f79e687a4b6449e6a8801cfa3253b9c426787c1c40d09
device/xiaomi/sdm660-common/sepolicy/vendor/app.te:3:ERROR 'unknown type adsprpcd_file' at token ';' on line 80681:

allow { appdomain -isolated_app } adsprpcd_file:dir { open getattr read search ioctl lock watch watch_reads };
checkpolicy:  error(s) encountered while parsing configuration
[ 23% 553/2317] target Prebuilt: android.system.net.netd@1.1_32 (out/target/product/lavender/obj_arm/SHARED_LIBRARIES/android.system.net.netd@1.1_intermediates/android.system.net.netd@1.1.so)
[ 23% 554/2317] Copy: out/target/product/lavender/obj/JAVA_LIBRARIES/services_intermediates/javalib.jar
[ 23% 555/2317] //vendor/codeaurora/commonsys/telephony/qti-utils:qti-telephony-utils-prd turbine [common]
[ 23% 556/2317] //vendor/codeaurora/commonsys/telephony/qti-utils:qti-telephony-utils-prd javac [common]
[ 24% 557/2317] //hardware/interfaces/radio/1.6:android.hardware.radio@1.6 clang++ android/hardware/radio/1.6/RadioResponseAll.cpp
[ 24% 558/2317] //vendor/codeaurora/commonsys/telephony/qti-hidl-wrapper:qti-telephony-hidl-wrapper-prd d8 [common]
[ 24% 559/2317] Joining JSON objects into array out/soong/.intermediates/hidl_inheritance_hierarchy.json
[ 24% 560/2317] //hardware/interfaces/radio/1.6:android.hardware.radio@1.6 clang++ android/hardware/radio/1.6/RadioResponseAll.cpp [arm]
[ 24% 561/2317] //hardware/interfaces/radio/1.6:android.hardware.radio@1.6 clang++ android/hardware/radio/1.6/RadioAll.cpp [arm]
[ 24% 562/2317] //hardware/interfaces/wifi/supplicant/1.0:android.hardware.wifi.supplicant@1.0 clang++ android/hardware/wifi/supplicant/1.0/SupplicantP2pIfaceAll.cpp
