FAILED: Package OTA: out/target/product/chime/aospa_chime-ota-eng.ayan.zip
Outputs: out/target/product/chime/aospa_chime-ota-eng.ayan.zip out/target/product/chime/ota_metadata
Error: exited with code: 1
Command: /bin/bash -c "PATH=out/host/linux-x86/bin/:system/extras/ext4_utils/:out/host/linux-x86/bin/:\$PATH out/host/linux-x86/bin/ota_from_target_files --verbose --extracted_input_target_files out/target/product/chime/obj/PACKAGING/target_files_intermediates/aospa_chime-target_files-eng.ayan --path out/host/linux-x86  -k build/make/target/product/security/testkey --output_metadata_path out/target/product/chime/ota_metadata out/target/product/chime/obj/PACKAGING/target_files_intermediates/aospa_chime-target_files-eng.ayan.zip out/target/product/chime/aospa_chime-ota-eng.ayan.zip"
Output:
2022-11-25 10:36:21 - common.py - WARNING : Failed to read SYSTEM/etc/build.prop
2022-11-25 10:36:21 - common.py - WARNING : Failed to read VENDOR/etc/build.prop
2022-11-25 10:36:21 - common.py - WARNING : Failed to read ODM/etc/build.prop
2022-11-25 10:36:21 - common.py - WARNING : Failed to read ODM/build.prop
2022-11-25 10:36:21 - common.py - WARNING : Failed to read build.prop for partition odm
2022-11-25 10:36:21 - common.py - WARNING : Failed to read VENDOR_DLKM/etc/build.prop
2022-11-25 10:36:21 - common.py - WARNING : Failed to read VENDOR_DLKM/build.prop
2022-11-25 10:36:21 - common.py - WARNING : Failed to read build.prop for partition vendor_dlkm
2022-11-25 10:36:21 - common.py - WARNING : Failed to read ODM_DLKM/etc/build.prop
2022-11-25 10:36:21 - common.py - WARNING : Failed to read ODM_DLKM/build.prop
2022-11-25 10:36:21 - common.py - WARNING : Failed to read build.prop for partition odm_dlkm
2022-11-25 10:36:21 - common.py - WARNING : Failed to read SYSTEM_DLKM/etc/build.prop
2022-11-25 10:36:21 - common.py - WARNING : Failed to read SYSTEM_DLKM/build.prop
2022-11-25 10:36:21 - common.py - WARNING : Failed to read build.prop for partition system_dlkm
2022-11-25 10:36:21 - common.py - INFO    :   Running: "/home/ayan/paa/out/host/linux-x86/bin/unpack_bootimg --boot_img out/target/product/chime/obj/PACKAGING/target_files_intermediates/aospa_chime-target_files-eng.ayan/IMAGES/boot.img --out /home/ayan/paa/out/soong/.temp/boot_slemmrgk.img"
2022-11-25 10:36:22 - common.py - INFO    :   Running: "/home/ayan/paa/out/host/linux-x86/bin/minigzip -d"
2022-11-25 10:36:22 - common.py - INFO    :   Running: "/home/ayan/paa/out/host/linux-x86/bin/toybox cpio -F /home/ayan/paa/out/soong/.temp/boot_slemmrgk.img/uncompressed_ramdisk -i"
2022-11-25 10:36:22 - common.py - WARNING : Failed to read IMAGES/init_boot.img
2022-11-25 10:36:22 - common.py - WARNING : Can't find META/ab_partitions.txt
2022-11-25 10:36:22 - ota_from_target_files.py - INFO    : --- target info ---
2022-11-25 10:36:22 - common.py - INFO    : allow_non_ab              = (str) true
2022-11-25 10:36:22 - common.py - INFO    : avb_avbtool               = (str) avbtool
2022-11-25 10:36:22 - common.py - INFO    : avb_boot_add_hash_footer_args = (str) --prop com.android.build.boot.os_version:13 --prop com.android.build.boot.fingerprint:Xiaomi/aospa_chime/chime:13/TKQ1.221101.001/ayan11251001:userdebug/test-keys
2022-11-25 10:36:22 - common.py - INFO    : avb_boot_salt             = (str) 63de727bdd20d47e22f32d1c0a322dac9e15263d5de8241f0302025c72917324
2022-11-25 10:36:22 - common.py - INFO    : avb_building_vbmeta_image = (str) true
2022-11-25 10:36:22 - common.py - INFO    : avb_dtbo_add_hash_footer_args = (str) --prop com.android.build.dtbo.fingerprint:Xiaomi/aospa_chime/chime:13/TKQ1.221101.001/ayan11251001:userdebug/test-keys
2022-11-25 10:36:22 - common.py - INFO    : avb_enable                = (str) true
2022-11-25 10:36:22 - common.py - INFO    : avb_init_boot_add_hash_footer_args = (str) --prop com.android.build.init_boot.os_version:13 --prop com.android.build.init_boot.fingerprint:Xiaomi/aospa_chime/chime:13/TKQ1.221101.001/ayan11251001:userdebug/test-keys
2022-11-25 10:36:22 - common.py - INFO    : avb_odm_add_hashtree_footer_args = (str) --prop com.android.build.odm.os_version:13 --prop com.android.build.odm.fingerprint:Xiaomi/aospa_chime/chime:13/TKQ1.221101.001/ayan11251001:userdebug/test-keys
2022-11-25 10:36:22 - common.py - INFO    : avb_odm_dlkm_add_hashtree_footer_args = (str) --prop com.android.build.odm_dlkm.os_version:13 --prop com.android.build.odm_dlkm.fingerprint:Xiaomi/aospa_chime/chime:13/TKQ1.221101.001/ayan11251001:userdebug/test-keys
2022-11-25 10:36:22 - common.py - INFO    : avb_odm_dlkm_hashtree_enable = (str) true
2022-11-25 10:36:22 - common.py - INFO    : avb_odm_hashtree_enable   = (str) true
2022-11-25 10:36:22 - common.py - INFO    : avb_product_add_hashtree_footer_args = (str) --prop com.android.build.product.os_version:13 --prop com.android.build.product.fingerprint:Xiaomi/aospa_chime/chime:13/TKQ1.221101.001/ayan11251001:userdebug/test-keys --prop com.android.build.product.security_patch:2022-11-05 --prop com.android.build.product.security_patch:2022-11-05
2022-11-25 10:36:22 - common.py - INFO    : avb_product_hashtree_enable = (str) true
2022-11-25 10:36:22 - common.py - INFO    : avb_product_salt          = (str) 63de727bdd20d47e22f32d1c0a322dac9e15263d5de8241f0302025c72917324
2022-11-25 10:36:22 - common.py - INFO    : avb_recovery_add_hash_footer_args = (str) --prop com.android.build.recovery.fingerprint:Xiaomi/aospa_chime/chime:13/TKQ1.221101.001/ayan11251001:userdebug/test-keys --rollback_index 1
2022-11-25 10:36:22 - common.py - INFO    : avb_recovery_algorithm    = (str) SHA256_RSA4096
2022-11-25 10:36:22 - common.py - INFO    : avb_recovery_key_path     = (str) external/avb/test/data/testkey_rsa4096.pem
2022-11-25 10:36:22 - common.py - INFO    : avb_recovery_rollback_index_location = (str) 1
2022-11-25 10:36:22 - common.py - INFO    : avb_system_add_hashtree_footer_args = (str) --prop com.android.build.system.os_version:13 --prop com.android.build.system.fingerprint:Xiaomi/aospa_chime/chime:13/TKQ1.221101.001/ayan11251001:userdebug/test-keys --prop com.android.build.system.security_patch:2022-11-05 --prop com.android.build.system.security_patch:2022-11-05
2022-11-25 10:36:22 - common.py - INFO    : avb_system_dlkm_add_hashtree_footer_args = (str) --prop com.android.build.system_dlkm.os_version:13 --prop com.android.build.system_dlkm.fingerprint:Xiaomi/aospa_chime/chime:13/TKQ1.221101.001/ayan11251001:userdebug/test-keys
2022-11-25 10:36:22 - common.py - INFO    : avb_system_dlkm_hashtree_enable = (str) true
2022-11-25 10:36:22 - common.py - INFO    : avb_system_ext_add_hashtree_footer_args = (str) --prop com.android.build.system_ext.os_version:13 --prop com.android.build.system_ext.fingerprint:Xiaomi/aospa_chime/chime:13/TKQ1.221101.001/ayan11251001:userdebug/test-keys --prop com.android.build.system_ext.security_patch:2022-11-05
2022-11-25 10:36:22 - common.py - INFO    : avb_system_ext_hashtree_enable = (str) true
2022-11-25 10:36:22 - common.py - INFO    : avb_system_ext_salt       = (str) 63de727bdd20d47e22f32d1c0a322dac9e15263d5de8241f0302025c72917324
2022-11-25 10:36:22 - common.py - INFO    : avb_system_hashtree_enable = (str) true
2022-11-25 10:36:22 - common.py - INFO    : avb_system_other_add_hashtree_footer_args = (str) 
2022-11-25 10:36:22 - common.py - INFO    : avb_system_other_hashtree_enable = (str) true
2022-11-25 10:36:22 - common.py - INFO    : avb_system_salt           = (str) 63de727bdd20d47e22f32d1c0a322dac9e15263d5de8241f0302025c72917324
2022-11-25 10:36:22 - common.py - INFO    : avb_vbmeta_algorithm      = (str) SHA256_RSA4096
2022-11-25 10:36:22 - common.py - INFO    : avb_vbmeta_args           = (str) --set_hashtree_disabled_flag --flags 2 --padding_size 4096
2022-11-25 10:36:22 - common.py - INFO    : avb_vbmeta_key_path       = (str) external/avb/test/data/testkey_rsa4096.pem
2022-11-25 10:36:22 - common.py - INFO    : avb_vendor_add_hashtree_footer_args = (str) --prop com.android.build.vendor.os_version:13 --prop com.android.build.vendor.fingerprint:Xiaomi/aospa_chime/chime:13/TKQ1.221101.001/ayan11251001:userdebug/test-keys --prop com.android.build.vendor.security_patch:2022-11-05 --prop com.android.build.vendor.security_patch:2022-11-05
2022-11-25 10:36:22 - common.py - INFO    : avb_vendor_boot_add_hash_footer_args = (str) --prop com.android.build.vendor_boot.fingerprint:Xiaomi/aospa_chime/chime:13/TKQ1.221101.001/ayan11251001:userdebug/test-keys
2022-11-25 10:36:22 - common.py - INFO    : avb_vendor_dlkm_add_hashtree_footer_args = (str) --prop com.android.build.vendor_dlkm.os_version:13 --prop com.android.build.vendor_dlkm.fingerprint:Xiaomi/aospa_chime/chime:13/TKQ1.221101.001/ayan11251001:userdebug/test-keys
2022-11-25 10:36:22 - common.py - INFO    : avb_vendor_dlkm_hashtree_enable = (str) true
2022-11-25 10:36:22 - common.py - INFO    : avb_vendor_hashtree_enable = (str) true
2022-11-25 10:36:22 - common.py - INFO    : avb_vendor_kernel_boot_add_hash_footer_args = (str) --prop com.android.build.vendor_kernel_boot.fingerprint:Xiaomi/aospa_chime/chime:13/TKQ1.221101.001/ayan11251001:userdebug/test-keys
2022-11-25 10:36:22 - common.py - INFO    : avb_vendor_salt           = (str) 63de727bdd20d47e22f32d1c0a322dac9e15263d5de8241f0302025c72917324
2022-11-25 10:36:22 - common.py - INFO    : blockimgdiff_versions     = (str) 3,4
2022-11-25 10:36:22 - common.py - INFO    : blocksize                 = (int) 262144
2022-11-25 10:36:22 - common.py - INFO    : board_uses_vendorimage    = (str) true
2022-11-25 10:36:22 - common.py - INFO    : boot.build.prop           = (PartitionBuildProps) <common.PartitionBuildProps object at 0x7fde36866920>
2022-11-25 10:36:22 - common.py - INFO    : boot_images               = (str) boot.img
2022-11-25 10:36:22 - common.py - INFO    : boot_size                 = (int) 134217728
2022-11-25 10:36:22 - common.py - INFO    : build.prop                = (PartitionBuildProps) <common.PartitionBuildProps object at 0x7fde36867d60>
2022-11-25 10:36:22 - common.py - INFO    : build_super_empty_partition = (str) true
2022-11-25 10:36:22 - common.py - INFO    : building_cache_image      = (str) true
2022-11-25 10:36:22 - common.py - INFO    : building_oem_image        = (str) 
2022-11-25 10:36:22 - common.py - INFO    : building_product_image    = (str) true
2022-11-25 10:36:22 - common.py - INFO    : building_system_ext_image = (str) true
2022-11-25 10:36:22 - common.py - INFO    : building_system_image     = (str) true
2022-11-25 10:36:22 - common.py - INFO    : building_userdata_image   = (str) true
2022-11-25 10:36:22 - common.py - INFO    : building_vendor_image     = (str) true
2022-11-25 10:36:22 - common.py - INFO    : cache_fs_type             = (str) ext4
2022-11-25 10:36:22 - common.py - INFO    : cache_selinux_fc          = (str) out/target/product/chime/obj/ETC/file_contexts.bin_intermediates/file_contexts.bin
2022-11-25 10:36:22 - common.py - INFO    : cache_size                = (int) 402653184
2022-11-25 10:36:22 - common.py - INFO    : default_system_dev_certificate = (str) build/make/target/product/security/testkey
2022-11-25 10:36:22 - common.py - INFO    : dtbo_size                 = (str) 16777216
2022-11-25 10:36:22 - common.py - INFO    : dynamic_partition_list    = (str)  system vendor product system_ext
2022-11-25 10:36:22 - common.py - INFO    : erofs_sparse_flag         = (str) -s
2022-11-25 10:36:22 - common.py - INFO    : ext_mkuserimg             = (str) mkuserimg_mke2fs
2022-11-25 10:36:22 - common.py - INFO    : extfs_sparse_flag         = (str) -s
2022-11-25 10:36:22 - common.py - INFO    : f2fs_sparse_flag          = (str) -S
2022-11-25 10:36:22 - common.py - INFO    : fs_type                   = (str) ext4
2022-11-25 10:36:22 - common.py - INFO    : fstab                     = (dict) {'/system': <common.LoadRecoveryFSTab.<locals>.Partition object at 0x7fde36864fd0>, '/system_ext': <common.LoadRecoveryFSTab.<locals>.Partition object at 0x7fde368662f0>, '/product': <common.LoadRecoveryFSTab.<locals>.Partition object at 0x7fde368648b0>, '/vendor': <common.LoadRecoveryFSTab.<locals>.Partition object at 0x7fde36867010>, '/cache': <common.LoadRecoveryFSTab.<locals>.Partition object at 0x7fde36866470>, '/metadata': <common.LoadRecoveryFSTab.<locals>.Partition object at 0x7fde36866d40>, '/data': <common.LoadRecoveryFSTab.<locals>.Partition object at 0x7fde368670a0>, '/mnt/vendor/persist': <common.LoadRecoveryFSTab.<locals>.Partition object at 0x7fde36864b80>, '/misc': <common.LoadRecoveryFSTab.<locals>.Partition object at 0x7fde368669b0>, '/vendor/firmware_mnt': <common.LoadRecoveryFSTab.<locals>.Partition object at 0x7fde368669e0>, '/vendor/dsp': <common.LoadRecoveryFSTab.<locals>.Partition object at 0x7fde36867460>, '/vendor/bt_firmware': <common.LoadRecoveryFSTab.<locals>.Partition object at 0x7fde36867520>, '/boot': <common.LoadRecoveryFSTab.<locals>.Partition object at 0x7fde368642b0>, '/recovery': <common.LoadRecoveryFSTab.<locals>.Partition object at 0x7fde368666e0>}
2022-11-25 10:36:22 - common.py - INFO    : fstab_version             = (int) 2
2022-11-25 10:36:22 - common.py - INFO    : has_dtbo                  = (str) true
2022-11-25 10:36:22 - common.py - INFO    : include_recovery_dtbo     = (str) true
2022-11-25 10:36:22 - common.py - INFO    : init_boot.build.prop      = (PartitionBuildProps) <common.PartitionBuildProps object at 0x7fde36864d00>
2022-11-25 10:36:22 - common.py - INFO    : lpmake                    = (str) lpmake
2022-11-25 10:36:22 - common.py - INFO    : mkbootimg_args            = (str) --header_version 2
2022-11-25 10:36:22 - common.py - INFO    : mkbootimg_init_args       = (str) 
2022-11-25 10:36:22 - common.py - INFO    : mkbootimg_version_args    = (str) --os_version 13 --os_patch_level 2022-11-05
2022-11-25 10:36:22 - common.py - INFO    : multistage_support        = (str) 1
2022-11-25 10:36:22 - common.py - INFO    : odm.build.prop            = (PartitionBuildProps) <common.PartitionBuildProps object at 0x7fde36864ca0>
2022-11-25 10:36:22 - common.py - INFO    : odm_dlkm.build.prop       = (PartitionBuildProps) <common.PartitionBuildProps object at 0x7fde36867ca0>
2022-11-25 10:36:22 - common.py - INFO    : oem_selinux_fc            = (str) out/target/product/chime/obj/ETC/file_contexts.bin_intermediates/file_contexts.bin
2022-11-25 10:36:22 - common.py - INFO    : ota_override_device       = (str) citrus,lime,lemon,pomelo,chime,juice
2022-11-25 10:36:22 - common.py - INFO    : product.build.prop        = (PartitionBuildProps) <common.PartitionBuildProps object at 0x7fde36867040>
2022-11-25 10:36:22 - common.py - INFO    : product_fs_type           = (str) ext4
2022-11-25 10:36:22 - common.py - INFO    : product_reserved_size     = (str) 419430400
2022-11-25 10:36:22 - common.py - INFO    : product_selinux_fc        = (str) out/target/product/chime/obj/ETC/file_contexts.bin_intermediates/file_contexts.bin
2022-11-25 10:36:22 - common.py - INFO    : recovery_api_version      = (int) 3
2022-11-25 10:36:22 - common.py - INFO    : recovery_mkbootimg_args   = (str) --header_version 2
2022-11-25 10:36:22 - common.py - INFO    : recovery_mount_options    = (str) ext4=max_batch_time=0,commit=1,data=ordered,barrier=1,errors=panic,nodelalloc
2022-11-25 10:36:22 - common.py - INFO    : recovery_size             = (int) 134217728
2022-11-25 10:36:22 - common.py - INFO    : root_dir                  = (str) out/target/product/chime/root
2022-11-25 10:36:22 - common.py - INFO    : squashfs_sparse_flag      = (str) -s
2022-11-25 10:36:22 - common.py - INFO    : super_block_devices       = (str) super
2022-11-25 10:36:22 - common.py - INFO    : super_metadata_device     = (str) super
2022-11-25 10:36:22 - common.py - INFO    : super_partition_groups    = (str) qti_dynamic_partitions
2022-11-25 10:36:22 - common.py - INFO    : super_partition_size      = (str) 8589934592
2022-11-25 10:36:22 - common.py - INFO    : super_qti_dynamic_partitions_group_size = (str) 8585740288
2022-11-25 10:36:22 - common.py - INFO    : super_qti_dynamic_partitions_partition_list = (str)  system vendor product system_ext
2022-11-25 10:36:22 - common.py - INFO    : super_super_device_size   = (str) 8589934592
2022-11-25 10:36:22 - common.py - INFO    : system.build.prop         = (PartitionBuildProps) <common.PartitionBuildProps object at 0x7fde36867d60>
2022-11-25 10:36:22 - common.py - INFO    : system_dlkm.build.prop    = (PartitionBuildProps) <common.PartitionBuildProps object at 0x7fde36864cd0>
2022-11-25 10:36:22 - common.py - INFO    : system_ext.build.prop     = (PartitionBuildProps) <common.PartitionBuildProps object at 0x7fde36864c70>
2022-11-25 10:36:22 - common.py - INFO    : system_ext_fs_type        = (str) ext4
2022-11-25 10:36:22 - common.py - INFO    : system_ext_reserved_size  = (str) 419430400
2022-11-25 10:36:22 - common.py - INFO    : system_ext_selinux_fc     = (str) out/target/product/chime/obj/ETC/file_contexts.bin_intermediates/file_contexts.bin
2022-11-25 10:36:22 - common.py - INFO    : system_fs_type            = (str) ext4
2022-11-25 10:36:22 - common.py - INFO    : system_reserved_size      = (str) 419430400
2022-11-25 10:36:22 - common.py - INFO    : system_selinux_fc         = (str) out/target/product/chime/obj/ETC/file_contexts.bin_intermediates/file_contexts.bin
2022-11-25 10:36:22 - common.py - INFO    : tool_extensions           = (str) device/xiaomi/chime
2022-11-25 10:36:22 - common.py - INFO    : use_dynamic_partition_size = (str) true
2022-11-25 10:36:22 - common.py - INFO    : use_dynamic_partitions    = (str) true
2022-11-25 10:36:22 - common.py - INFO    : userdata_fs_type          = (str) f2fs
2022-11-25 10:36:22 - common.py - INFO    : userdata_selinux_fc       = (str) out/target/product/chime/obj/ETC/file_contexts.bin_intermediates/file_contexts.bin
2022-11-25 10:36:22 - common.py - INFO    : userdata_size             = (int) 112421842944
2022-11-25 10:36:22 - common.py - INFO    : vbmeta_digest             = (str) 4b02686ce3fe6f4f0844bb31cf5e5f89415dd0408d2d486fdfa79db83f7d1b94
2022-11-25 10:36:22 - common.py - INFO    : vendor.build.prop         = (PartitionBuildProps) <common.PartitionBuildProps object at 0x7fde368664a0>
2022-11-25 10:36:22 - common.py - INFO    : vendor_dlkm.build.prop    = (PartitionBuildProps) <common.PartitionBuildProps object at 0x7fde36867cd0>
2022-11-25 10:36:22 - common.py - INFO    : vendor_fs_type            = (str) ext4
2022-11-25 10:36:22 - common.py - INFO    : vendor_reserved_size      = (str) 30720000
2022-11-25 10:36:22 - common.py - INFO    : vendor_selinux_fc         = (str) out/target/product/chime/obj/ETC/file_contexts.bin_intermediates/file_contexts.bin
2022-11-25 10:36:22 - common.py - INFO    : vintf_enforce             = (str) true
2022-11-25 10:36:22 - common.py - INFO    : vintf_include_empty_vendor_sku = (str) true
2022-11-25 10:36:22 - common.py - INFO    : vintf_odm_manifest_skus   = (str) lemon
2022-11-25 10:36:22 - common.py - INFO    :   Running: "openssl pkcs8 -in build/make/target/product/security/testkey.pk8 -inform DER -nocrypt"
2022-11-25 10:36:22 - non_ab_ota.py - INFO    : (using device-specific extensions from target_files)
2022-11-25 10:36:22 - common.py - INFO    : loaded device-specific extensions from /home/ayan/paa/out/target/product/chime/obj/PACKAGING/target_files_intermediates/aospa_chime-target_files-eng.ayan/META/releasetools.py
2022-11-25 10:36:22 - sparse_img.py - INFO    : Total of 342958 4096-byte output blocks in 29 input chunks.
2022-11-25 10:36:23 - blockimgdiff.py - INFO    : Finding transfers...
2022-11-25 10:36:24 - blockimgdiff.py - INFO    : Generating digraph...
2022-11-25 10:36:24 - blockimgdiff.py - INFO    : Finding vertex sequence...
2022-11-25 10:36:24 - blockimgdiff.py - INFO    : Reversing backward edges...
2022-11-25 10:36:24 - blockimgdiff.py - INFO    :   0/0 dependencies (0.00%) were violated; 0 source blocks stashed.
2022-11-25 10:36:24 - blockimgdiff.py - INFO    : Improving vertex order...
2022-11-25 10:36:24 - blockimgdiff.py - INFO    : Revising stash size...
2022-11-25 10:36:24 - blockimgdiff.py - INFO    :   Total 0 blocks (0 bytes) are packed as new blocks due to insufficient cache size. Maximum blocks stashed simultaneously: 0
2022-11-25 10:36:24 - blockimgdiff.py - INFO    : Revising stash size...
2022-11-25 10:36:24 - blockimgdiff.py - INFO    :   Total 0 blocks (0 bytes) are packed as new blocks due to insufficient cache size. Maximum blocks stashed simultaneously: 0
2022-11-25 10:36:25 - blockimgdiff.py - INFO    : Reticulating splines...
2022-11-25 10:36:26 - blockimgdiff.py - INFO    :  987086848  987086848 (100.00%)     new __DATA 0-235433 262144-262171 294912-295027 327680-327703 327705-327739 337526-342875 342957
2022-11-25 10:36:26 - blockimgdiff.py - INFO    : max stashed blocks: 0  (0 bytes), limit: 322122547 bytes (0.00%)

2022-11-25 10:36:26 - blockimgdiff.py - INFO    :   Imgdiff Stats Report  
2022-11-25 10:36:26 - blockimgdiff.py - INFO    : ========================

2022-11-25 10:36:26 - sparse_img.py - INFO    : Total of 269736 4096-byte output blocks in 24 input chunks.
2022-11-25 10:36:27 - blockimgdiff.py - INFO    : Finding transfers...
2022-11-25 10:36:28 - blockimgdiff.py - INFO    : Generating digraph...
2022-11-25 10:36:28 - blockimgdiff.py - INFO    : Finding vertex sequence...
2022-11-25 10:36:28 - blockimgdiff.py - INFO    : Reversing backward edges...
2022-11-25 10:36:28 - blockimgdiff.py - INFO    :   0/0 dependencies (0.00%) were violated; 0 source blocks stashed.
2022-11-25 10:36:28 - blockimgdiff.py - INFO    : Improving vertex order...
2022-11-25 10:36:28 - blockimgdiff.py - INFO    : Revising stash size...
2022-11-25 10:36:28 - blockimgdiff.py - INFO    :   Total 0 blocks (0 bytes) are packed as new blocks due to insufficient cache size. Maximum blocks stashed simultaneously: 0
2022-11-25 10:36:28 - blockimgdiff.py - INFO    : Revising stash size...
2022-11-25 10:36:28 - blockimgdiff.py - INFO    :   Total 0 blocks (0 bytes) are packed as new blocks due to insufficient cache size. Maximum blocks stashed simultaneously: 0
2022-11-25 10:36:29 - blockimgdiff.py - INFO    : Reticulating splines...
2022-11-25 10:36:30 - blockimgdiff.py - INFO    : 1073803264 1073803264 (100.00%)     new __DATA 0-257897 262144-262194 265458-269666 269735
2022-11-25 10:36:30 - blockimgdiff.py - INFO    : max stashed blocks: 0  (0 bytes), limit: 322122547 bytes (0.00%)

2022-11-25 10:36:30 - blockimgdiff.py - INFO    :   Imgdiff Stats Report  
2022-11-25 10:36:30 - blockimgdiff.py - INFO    : ========================

2022-11-25 10:36:30 - sparse_img.py - INFO    : Total of 564439 4096-byte output blocks in 39 input chunks.
2022-11-25 10:36:30 - blockimgdiff.py - INFO    : Finding transfers...
2022-11-25 10:36:32 - blockimgdiff.py - INFO    : Generating digraph...
2022-11-25 10:36:32 - blockimgdiff.py - INFO    : Finding vertex sequence...
2022-11-25 10:36:32 - blockimgdiff.py - INFO    : Reversing backward edges...
2022-11-25 10:36:32 - blockimgdiff.py - INFO    :   0/0 dependencies (0.00%) were violated; 0 source blocks stashed.
2022-11-25 10:36:32 - blockimgdiff.py - INFO    : Improving vertex order...
2022-11-25 10:36:32 - blockimgdiff.py - INFO    : Revising stash size...
2022-11-25 10:36:32 - blockimgdiff.py - INFO    :   Total 0 blocks (0 bytes) are packed as new blocks due to insufficient cache size. Maximum blocks stashed simultaneously: 0
2022-11-25 10:36:32 - blockimgdiff.py - INFO    : Revising stash size...
2022-11-25 10:36:32 - blockimgdiff.py - INFO    :   Total 0 blocks (0 bytes) are packed as new blocks due to insufficient cache size. Maximum blocks stashed simultaneously: 0
2022-11-25 10:36:34 - blockimgdiff.py - INFO    : Reticulating splines...
2022-11-25 10:36:35 - blockimgdiff.py - INFO    : 1891926016 1891926016 (100.00%)     new __DATA 0-393218 393221-425984 425989-453097 524288 555513-564314 564438
2022-11-25 10:36:35 - blockimgdiff.py - INFO    : max stashed blocks: 0  (0 bytes), limit: 322122547 bytes (0.00%)

2022-11-25 10:36:35 - blockimgdiff.py - INFO    :   Imgdiff Stats Report  
2022-11-25 10:36:35 - blockimgdiff.py - INFO    : ========================

2022-11-25 10:36:35 - sparse_img.py - INFO    : Total of 206777 4096-byte output blocks in 23 input chunks.
2022-11-25 10:36:36 - blockimgdiff.py - INFO    : Finding transfers...
2022-11-25 10:36:36 - blockimgdiff.py - INFO    : Generating digraph...
2022-11-25 10:36:36 - blockimgdiff.py - INFO    : Finding vertex sequence...
2022-11-25 10:36:36 - blockimgdiff.py - INFO    : Reversing backward edges...
2022-11-25 10:36:36 - blockimgdiff.py - INFO    :   0/0 dependencies (0.00%) were violated; 0 source blocks stashed.
2022-11-25 10:36:36 - blockimgdiff.py - INFO    : Improving vertex order...
2022-11-25 10:36:36 - blockimgdiff.py - INFO    : Revising stash size...
2022-11-25 10:36:36 - blockimgdiff.py - INFO    :   Total 0 blocks (0 bytes) are packed as new blocks due to insufficient cache size. Maximum blocks stashed simultaneously: 0
2022-11-25 10:36:36 - blockimgdiff.py - INFO    : Revising stash size...
2022-11-25 10:36:36 - blockimgdiff.py - INFO    :   Total 0 blocks (0 bytes) are packed as new blocks due to insufficient cache size. Maximum blocks stashed simultaneously: 0
2022-11-25 10:36:36 - blockimgdiff.py - INFO    : Reticulating splines...
2022-11-25 10:36:37 - blockimgdiff.py - INFO    :  429518848  429518848 (100.00%)     new __DATA 0-101561 131072-131086 163840-163841 163843-163851 196608-196615 196618-196656 203493-206719 206776
2022-11-25 10:36:37 - blockimgdiff.py - INFO    : max stashed blocks: 0  (0 bytes), limit: 322122547 bytes (0.00%)

2022-11-25 10:36:37 - blockimgdiff.py - INFO    :   Imgdiff Stats Report  
2022-11-25 10:36:37 - blockimgdiff.py - INFO    : ========================

2022-11-25 10:36:37 - common.py - INFO    : using prebuilt recovery.img from IMAGES...
2022-11-25 10:36:37 - common.py - INFO    : Updating dynamic partitions odict_keys(['system', 'vendor', 'product', 'system_ext'])
2022-11-25 10:36:37 - common.py - INFO    :   Running: "/home/ayan/paa/out/host/linux-x86/bin/brotli --quality=6 --output=/home/ayan/paa/out/soong/.temp/tmpfhpz7tpa/system.new.dat.br /home/ayan/paa/out/soong/.temp/tmpfhpz7tpa/system.new.dat"
2022-11-25 10:37:24 - common.py - INFO    :   Running: "/home/ayan/paa/out/host/linux-x86/bin/brotli --quality=6 --output=/home/ayan/paa/out/soong/.temp/tmpp_rgopg9/vendor.new.dat.br /home/ayan/paa/out/soong/.temp/tmpp_rgopg9/vendor.new.dat"
2022-11-25 10:38:03 - common.py - INFO    :   Running: "/home/ayan/paa/out/host/linux-x86/bin/brotli --quality=6 --output=/home/ayan/paa/out/soong/.temp/tmp5_z6_5b3/product.new.dat.br /home/ayan/paa/out/soong/.temp/tmp5_z6_5b3/product.new.dat"
2022-11-25 10:39:28 - common.py - INFO    :   Running: "/home/ayan/paa/out/host/linux-x86/bin/brotli --quality=6 --output=/home/ayan/paa/out/soong/.temp/tmpka1g37fr/system_ext.new.dat.br /home/ayan/paa/out/soong/.temp/tmpka1g37fr/system_ext.new.dat"
2022-11-25 10:39:43 - check_target_files_vintf.py - INFO    : Checking VINTF compatibility extracted target files...
2022-11-25 10:39:43 - common.py - INFO    :   Running: "/home/ayan/paa/out/host/linux-x86/bin/checkvintf --check-compat --dirmap /odm:out/target/product/chime/obj/PACKAGING/target_files_intermediates/aospa_chime-target_files-eng.ayan/VENDOR/odm --dirmap /product:out/target/product/chime/obj/PACKAGING/target_files_intermediates/aospa_chime-target_files-eng.ayan/PRODUCT --dirmap /system:out/target/product/chime/obj/PACKAGING/target_files_intermediates/aospa_chime-target_files-eng.ayan/SYSTEM --dirmap /system_ext:out/target/product/chime/obj/PACKAGING/target_files_intermediates/aospa_chime-target_files-eng.ayan/SYSTEM_EXT --dirmap /vendor:out/target/product/chime/obj/PACKAGING/target_files_intermediates/aospa_chime-target_files-eng.ayan/VENDOR --kernel out/target/product/chime/obj/PACKAGING/target_files_intermediates/aospa_chime-target_files-eng.ayan/META/kernel_version.txt:out/target/product/chime/obj/PACKAGING/target_files_intermediates/aospa_chime-target_files-eng.ayan/META/kernel_configs.txt --property ro.product.first_api_level=29 --property ro.boot.product.hardware.sku=lemon --property ro.boot.product.vendor.sku="
Traceback (most recent call last):
  File "/home/ayan/paa/out/host/linux-x86/bin/ota_from_target_files/internal/stdlib/runpy.py", line 196, in _run_module_as_main
  File "/home/ayan/paa/out/host/linux-x86/bin/ota_from_target_files/internal/stdlib/runpy.py", line 86, in _run_code
  File "/home/ayan/paa/out/host/linux-x86/bin/ota_from_target_files/__main__.py", line 12, in <module>
  File "/home/ayan/paa/out/host/linux-x86/bin/ota_from_target_files/internal/stdlib/runpy.py", line 196, in _run_module_as_main
  File "/home/ayan/paa/out/host/linux-x86/bin/ota_from_target_files/internal/stdlib/runpy.py", line 86, in _run_code
  File "/home/ayan/paa/out/host/linux-x86/bin/ota_from_target_files/ota_from_target_files.py", line 1648, in <module>
  File "/home/ayan/paa/out/host/linux-x86/bin/ota_from_target_files/ota_from_target_files.py", line 1625, in main
  File "/home/ayan/paa/out/host/linux-x86/bin/ota_from_target_files/non_ab_ota.py", line 589, in GenerateNonAbOtaPackage
  File "/home/ayan/paa/out/host/linux-x86/bin/ota_from_target_files/non_ab_ota.py", line 239, in WriteFullOTAPackage
  File "/home/ayan/paa/out/host/linux-x86/bin/ota_from_target_files/check_target_files_vintf.py", line 252, in CheckVintfIfTrebleEnabled
  File "/home/ayan/paa/out/host/linux-x86/bin/ota_from_target_files/check_target_files_vintf.py", line 220, in CheckVintf
  File "/home/ayan/paa/out/host/linux-x86/bin/ota_from_target_files/check_target_files_vintf.py", line 151, in CheckVintfFromExtractedTargetFiles
common.ExternalError: Failed to run command 'checkvintf --check-compat --dirmap /odm:out/target/product/chime/obj/PACKAGING/target_files_intermediates/aospa_chime-target_files-eng.ayan/VENDOR/odm --dirmap /product:out/target/product/chime/obj/PACKAGING/target_files_intermediates/aospa_chime-target_files-eng.ayan/PRODUCT --dirmap /system:out/target/product/chime/obj/PACKAGING/target_files_intermediates/aospa_chime-target_files-eng.ayan/SYSTEM --dirmap /system_ext:out/target/product/chime/obj/PACKAGING/target_files_intermediates/aospa_chime-target_files-eng.ayan/SYSTEM_EXT --dirmap /vendor:out/target/product/chime/obj/PACKAGING/target_files_intermediates/aospa_chime-target_files-eng.ayan/VENDOR --kernel out/target/product/chime/obj/PACKAGING/target_files_intermediates/aospa_chime-target_files-eng.ayan/META/kernel_version.txt:out/target/product/chime/obj/PACKAGING/target_files_intermediates/aospa_chime-target_files-eng.ayan/META/kernel_configs.txt --property ro.product.first_api_level=29 --property ro.boot.product.hardware.sku=lemon --property ro.boot.product.vendor.sku=' (exit code 70):
stdout:Cannot parse "out/target/product/chime/obj/PACKAGING/target_files_intermediates/aospa_chime-target_files-eng.ayan/META/kernel_version.txt" as kernel version, parsing as GKI kernel release.
Cannot parse "out/target/product/chime/obj/PACKAGING/target_files_intermediates/aospa_chime-target_files-eng.ayan/META/kernel_version.txt" as GKI kernel release, parsing as kernel release
Cannot parse "out/target/product/chime/obj/PACKAGING/target_files_intermediates/aospa_chime-target_files-eng.ayan/META/kernel_version.txt" as kernel release
Cannot parse "4.19.157-anya-g17561e76" as kernel version, parsing as GKI kernel release.
Cannot parse "4.19.157-anya-g17561e76" as GKI kernel release, parsing as kernel release
Successfully parsed content of out/target/product/chime/obj/PACKAGING/target_files_intermediates/aospa_chime-target_files-eng.ayan/META/kernel_version.txt: 4.19.157-anya-g17561e76
getFrameworkHalManifest: Reading VINTF information.
Fetch 'out/target/product/chime/obj/PACKAGING/target_files_intermediates/aospa_chime-target_files-eng.ayan/SYSTEM/etc/vintf/manifest.xml': OK
Fetch 'out/target/product/chime/obj/PACKAGING/target_files_intermediates/aospa_chime-target_files-eng.ayan/SYSTEM/manifest.xml': NAME_NOT_FOUND
getDeviceHalManifest: Reading VINTF information.
Sysprop ro.boot.product.vendor.sku=
Fetch 'out/target/product/chime/obj/PACKAGING/target_files_intermediates/aospa_chime-target_files-eng.ayan/VENDOR/etc/vintf/manifest.xml': OK
List 'out/target/product/chime/obj/PACKAGING/target_files_intermediates/aospa_chime-target_files-eng.ayan/VENDOR/etc/vintf/manifest/': OK
Fetch 'out/target/product/chime/obj/PACKAGING/target_files_intermediates/aospa_chime-target_files-eng.ayan/VENDOR/etc/vintf/manifest/android.hardware.wifi.hostapd.xml': OK
Fetch 'out/target/product/chime/obj/PACKAGING/target_files_intermediates/aospa_chime-target_files-eng.ayan/VENDOR/etc/vintf/manifest/vendor.qti.hardware.display.allocator-service.xml': OK
Fetch 'out/target/product/chime/obj/PACKAGING/target_files_intermediates/aospa_chime-target_files-eng.ayan/VENDOR/etc/vintf/manifest/android.hardware.wifi@1.0-service.xml': OK
Fetch 'out/target/product/chime/obj/PACKAGING/target_files_intermediates/aospa_chime-target_files-eng.ayan/VENDOR/etc/vintf/manifest/android.hardware.graphics.mapper-impl-qti-display.xml': OK
Fetch 'out/target/product/chime/obj/PACKAGING/target_files_intermediates/aospa_chime-target_files-eng.ayan/VENDOR/etc/vintf/manifest/manifest_vendor.xiaomi.hardware.mlipay.xml': OK
Fetch 'out/target/product/chime/obj/PACKAGING/target_files_intermediates/aospa_chime-target_files-eng.ayan/VENDOR/etc/vintf/manifest/android.hardware.thermal@2.0-service.qti.xml': OK
Fetch 'out/target/product/chime/obj/PACKAGING/target_files_intermediates/aospa_chime-target_files-eng.ayan/VENDOR/etc/vintf/manifest/android.hardware.sensors@2.0-multihal.xml': OK
Fetch 'out/target/product/chime/obj/PACKAGING/target_files_intermediates/aospa_chime-target_files-eng.ayan/VENDOR/etc/vintf/manifest/vendor.qti.hardware.vibrator.service.chime.xml': OK
Fetch 'out/target/product/chime/obj/PACKAGING/target_files_intermediates/aospa_chime-target_files-eng.ayan/VENDOR/etc/vintf/manifest/lights-chime.xml': OK
Fetch 'out/target/product/chime/obj/PACKAGING/target_files_intermediates/aospa_chime-target_files-eng.ayan/VENDOR/etc/vintf/manifest/android.hardware.graphics.composer-qti-display.xml': OK
Fetch 'out/target/product/chime/obj/PACKAGING/target_files_intermediates/aospa_chime-target_files-eng.ayan/VENDOR/etc/vintf/manifest/vendor.qti.gnss@4.0-service.xml': OK
Fetch 'out/target/product/chime/obj/PACKAGING/target_files_intermediates/aospa_chime-target_files-eng.ayan/VENDOR/etc/vintf/manifest/android.hardware.health@2.1.xml': OK
Fetch 'out/target/product/chime/obj/PACKAGING/target_files_intermediates/aospa_chime-target_files-eng.ayan/VENDOR/etc/vintf/manifest/manifest_android.hardware.drm@1.3-service.widevine.xml': OK
Fetch 'out/target/product/chime/obj/PACKAGING/target_files_intermediates/aospa_chime-target_files-eng.ayan/VENDOR/etc/vintf/manifest/manifest_android.hardware.drm@1.4-service.clearkey.xml': OK
Fetch 'out/target/product/chime/obj/PACKAGING/target_files_intermediates/aospa_chime-target_files-eng.ayan/VENDOR/etc/vintf/manifest/android.hardware.gnss@2.1-service-qti.xml': OK
Fetch 'out/target/product/chime/obj/PACKAGING/target_files_intermediates/aospa_chime-target_files-eng.ayan/VENDOR/etc/vintf/manifest/android.hardware.wifi.supplicant.xml': OK
Fetch 'out/target/product/chime/obj/PACKAGING/target_files_intermediates/aospa_chime-target_files-eng.ayan/VENDOR/etc/vintf/manifest/power.xml': OK
Fetch 'out/target/product/chime/obj/PACKAGING/target_files_intermediates/aospa_chime-target_files-eng.ayan/VENDOR/etc/vintf/manifest/vendor.aospa.power.xml': OK
Fetch 'out/target/product/chime/obj/PACKAGING/target_files_intermediates/aospa_chime-target_files-eng.ayan/VENDOR/etc/vintf/manifest/android.hardware.cas@1.2-service.xml': OK
Fetch 'out/target/product/chime/obj/PACKAGING/target_files_intermediates/aospa_chime-target_files-eng.ayan/VENDOR/etc/vintf/manifest/android.hardware.neuralnetworks@1.3-service-qti.xml': OK
Fetch 'out/target/product/chime/obj/PACKAGING/target_files_intermediates/aospa_chime-target_files-eng.ayan/VENDOR/etc/vintf/manifest/manifest_vendor.xiaomi.hardware.mtdservice.xml': OK
Sysprop ro.boot.product.hardware.sku=lemon
Fetch 'out/target/product/chime/obj/PACKAGING/target_files_intermediates/aospa_chime-target_files-eng.ayan/VENDOR/odm/etc/vintf/manifest_lemon.xml': OK
List 'out/target/product/chime/obj/PACKAGING/target_files_intermediates/aospa_chime-target_files-eng.ayan/VENDOR/odm/etc/vintf/manifest/': NAME_NOT_FOUND
getDeviceHalManifest: Successfully processed VINTF information
fetched kernel level from RuntimeInfo ''
getFrameworkCompatibilityMatrix: Reading VINTF information.
List 'out/target/product/chime/obj/PACKAGING/target_files_intermediates/aospa_chime-target_files-eng.ayan/SYSTEM/etc/vintf/': OK
Fetch 'out/target/product/chime/obj/PACKAGING/target_files_intermediates/aospa_chime-target_files-eng.ayan/SYSTEM/etc/vintf/compatibility_matrix.device.xml': OK
Fetch 'out/target/product/chime/obj/PACKAGING/target_files_intermediates/aospa_chime-target_files-eng.ayan/SYSTEM/etc/vintf/manifest.xml': OK
Fetch 'out/target/product/chime/obj/PACKAGING/target_files_intermediates/aospa_chime-target_files-eng.ayan/SYSTEM/etc/vintf/compatibility_matrix.7.xml': OK
Fetch 'out/target/product/chime/obj/PACKAGING/target_files_intermediates/aospa_chime-target_files-eng.ayan/SYSTEM/etc/vintf/compatibility_matrix.4.xml': OK
Fetch 'out/target/product/chime/obj/PACKAGING/target_files_intermediates/aospa_chime-target_files-eng.ayan/SYSTEM/etc/vintf/compatibility_matrix.6.xml': OK
Fetch 'out/target/product/chime/obj/PACKAGING/target_files_intermediates/aospa_chime-target_files-eng.ayan/SYSTEM/etc/vintf/compatibility_matrix.5.xml': OK
Fetch 'out/target/product/chime/obj/PACKAGING/target_files_intermediates/aospa_chime-target_files-eng.ayan/SYSTEM/etc/vintf/compatibility_matrix.3.xml': OK
List 'out/target/product/chime/obj/PACKAGING/target_files_intermediates/aospa_chime-target_files-eng.ayan/SYSTEM_EXT/etc/vintf/': OK
Fetch 'out/target/product/chime/obj/PACKAGING/target_files_intermediates/aospa_chime-target_files-eng.ayan/SYSTEM_EXT/etc/vintf/manifest.xml': OK
List 'out/target/product/chime/obj/PACKAGING/target_files_intermediates/aospa_chime-target_files-eng.ayan/PRODUCT/etc/vintf/': NAME_NOT_FOUND
getFrameworkCompatibilityMatrix: Successfully processed VINTF information
getDeviceCompatibilityMatrix: Reading VINTF information.
Fetch 'out/target/product/chime/obj/PACKAGING/target_files_intermediates/aospa_chime-target_files-eng.ayan/VENDOR/etc/vintf/compatibility_matrix.xml': OK
getDeviceCompatibilityMatrix: Successfully processed VINTF information
fetched kernel version 4.19.157
read kernel configs from out/target/product/chime/obj/PACKAGING/target_files_intermediates/aospa_chime-target_files-eng.ayan/META/kernel_configs.txt
List 'out/target/product/chime/obj/PACKAGING/target_files_intermediates/aospa_chime-target_files-eng.ayan/SYSTEM/etc/vintf/': OK
Fetch 'out/target/product/chime/obj/PACKAGING/target_files_intermediates/aospa_chime-target_files-eng.ayan/SYSTEM/etc/vintf/compatibility_matrix.device.xml': OK
Fetch 'out/target/product/chime/obj/PACKAGING/target_files_intermediates/aospa_chime-target_files-eng.ayan/SYSTEM/etc/vintf/manifest.xml': OK
Fetch 'out/target/product/chime/obj/PACKAGING/target_files_intermediates/aospa_chime-target_files-eng.ayan/SYSTEM/etc/vintf/compatibility_matrix.7.xml': OK
Fetch 'out/target/product/chime/obj/PACKAGING/target_files_intermediates/aospa_chime-target_files-eng.ayan/SYSTEM/etc/vintf/compatibility_matrix.4.xml': OK
Fetch 'out/target/product/chime/obj/PACKAGING/target_files_intermediates/aospa_chime-target_files-eng.ayan/SYSTEM/etc/vintf/compatibility_matrix.6.xml': OK
Fetch 'out/target/product/chime/obj/PACKAGING/target_files_intermediates/aospa_chime-target_files-eng.ayan/SYSTEM/etc/vintf/compatibility_matrix.5.xml': OK
Fetch 'out/target/product/chime/obj/PACKAGING/target_files_intermediates/aospa_chime-target_files-eng.ayan/SYSTEM/etc/vintf/compatibility_matrix.3.xml': OK
List 'out/target/product/chime/obj/PACKAGING/target_files_intermediates/aospa_chime-target_files-eng.ayan/SYSTEM_EXT/etc/vintf/': OK
Fetch 'out/target/product/chime/obj/PACKAGING/target_files_intermediates/aospa_chime-target_files-eng.ayan/SYSTEM_EXT/etc/vintf/manifest.xml': OK
List 'out/target/product/chime/obj/PACKAGING/target_files_intermediates/aospa_chime-target_files-eng.ayan/PRODUCT/etc/vintf/': NAME_NOT_FOUND
List 'out/target/product/chime/obj/PACKAGING/target_files_intermediates/aospa_chime-target_files-eng.ayan/SYSTEM/etc/vintf/': OK
Fetch 'out/target/product/chime/obj/PACKAGING/target_files_intermediates/aospa_chime-target_files-eng.ayan/SYSTEM/etc/vintf/compatibility_matrix.device.xml': OK
Fetch 'out/target/product/chime/obj/PACKAGING/target_files_intermediates/aospa_chime-target_files-eng.ayan/SYSTEM/etc/vintf/manifest.xml': OK
Fetch 'out/target/product/chime/obj/PACKAGING/target_files_intermediates/aospa_chime-target_files-eng.ayan/SYSTEM/etc/vintf/compatibility_matrix.7.xml': OK
Fetch 'out/target/product/chime/obj/PACKAGING/target_files_intermediates/aospa_chime-target_files-eng.ayan/SYSTEM/etc/vintf/compatibility_matrix.4.xml': OK
Fetch 'out/target/product/chime/obj/PACKAGING/target_files_intermediates/aospa_chime-target_files-eng.ayan/SYSTEM/etc/vintf/compatibility_matrix.6.xml': OK
Fetch 'out/target/product/chime/obj/PACKAGING/target_files_intermediates/aospa_chime-target_files-eng.ayan/SYSTEM/etc/vintf/compatibility_matrix.5.xml': OK
Fetch 'out/target/product/chime/obj/PACKAGING/target_files_intermediates/aospa_chime-target_files-eng.ayan/SYSTEM/etc/vintf/compatibility_matrix.3.xml': OK
List 'out/target/product/chime/obj/PACKAGING/target_files_intermediates/aospa_chime-target_files-eng.ayan/SYSTEM_EXT/etc/vintf/': OK
Fetch 'out/target/product/chime/obj/PACKAGING/target_files_intermediates/aospa_chime-target_files-eng.ayan/SYSTEM_EXT/etc/vintf/manifest.xml': OK
List 'out/target/product/chime/obj/PACKAGING/target_files_intermediates/aospa_chime-target_files-eng.ayan/PRODUCT/etc/vintf/': NAME_NOT_FOUND
List 'out/target/product/chime/obj/PACKAGING/target_files_intermediates/aospa_chime-target_files-eng.ayan/SYSTEM/etc/vintf/': OK
Fetch 'out/target/product/chime/obj/PACKAGING/target_files_intermediates/aospa_chime-target_files-eng.ayan/SYSTEM/etc/vintf/compatibility_matrix.device.xml': OK
Fetch 'out/target/product/chime/obj/PACKAGING/target_files_intermediates/aospa_chime-target_files-eng.ayan/SYSTEM/etc/vintf/manifest.xml': OK
Fetch 'out/target/product/chime/obj/PACKAGING/target_files_intermediates/aospa_chime-target_files-eng.ayan/SYSTEM/etc/vintf/compatibility_matrix.7.xml': OK
Fetch 'out/target/product/chime/obj/PACKAGING/target_files_intermediates/aospa_chime-target_files-eng.ayan/SYSTEM/etc/vintf/compatibility_matrix.4.xml': OK
Fetch 'out/target/product/chime/obj/PACKAGING/target_files_intermediates/aospa_chime-target_files-eng.ayan/SYSTEM/etc/vintf/compatibility_matrix.6.xml': OK
Fetch 'out/target/product/chime/obj/PACKAGING/target_files_intermediates/aospa_chime-target_files-eng.ayan/SYSTEM/etc/vintf/compatibility_matrix.5.xml': OK
Fetch 'out/target/product/chime/obj/PACKAGING/target_files_intermediates/aospa_chime-target_files-eng.ayan/SYSTEM/etc/vintf/compatibility_matrix.3.xml': OK
List 'out/target/product/chime/obj/PACKAGING/target_files_intermediates/aospa_chime-target_files-eng.ayan/SYSTEM_EXT/etc/vintf/': OK
Fetch 'out/target/product/chime/obj/PACKAGING/target_files_intermediates/aospa_chime-target_files-eng.ayan/SYSTEM_EXT/etc/vintf/manifest.xml': OK
List 'out/target/product/chime/obj/PACKAGING/target_files_intermediates/aospa_chime-target_files-eng.ayan/PRODUCT/etc/vintf/': NAME_NOT_FOUND
The following HALs in device manifest are not declared in FCM <= level 4: 
  android.hardware.gnss@1.0::IGnss/gnss_vendor
  android.hardware.gnss@2.1::IGnss/default
  android.hardware.graphics.allocator@4.0::IAllocator/default
  android.hardware.graphics.composer@2.4::IComposer/default
  android.hardware.graphics.mapper@4.0::IMapper/default
  android.hardware.radio@1.2::ISap/slot2
  com.qualcomm.qti.dpm.api@1.0::IdpmQmi/dpmQmiService
  com.qualcomm.qti.imscmservice@2.2::IImsCmService/qti.ims.connectionmanagerservice
  com.qualcomm.qti.uceservice@2.2::IUceService/com.qualcomm.qti.uceservice
  vendor.aospa.power.IPowerFeature/default (@1)
  vendor.display.config@2.0::IDisplayConfig/default
  vendor.qti.data.factory@2.1::IFactory/default
  vendor.qti.esepowermanager@1.1::IEsePowerManager/default
  vendor.qti.gnss@1.2::ILocHidlGnss/gnss_vendor
  vendor.qti.gnss@2.1::ILocHidlGnss/gnss_vendor
  vendor.qti.gnss@3.0::ILocHidlGnss/gnss_vendor
  vendor.qti.gnss@4.0::ILocHidlGnss/gnss_vendor
  vendor.qti.hardware.alarm@1.0::IAlarm/default
  vendor.qti.hardware.audiohalext@1.0::IAudioHalExt/default
  vendor.qti.hardware.bluetooth_audio@2.0::IBluetoothAudioProvidersFactory/default
  vendor.qti.hardware.bluetooth_sar@1.1::IBluetoothSar/default
  vendor.qti.hardware.btconfigstore@1.0::IBTConfigStore/default
  vendor.qti.hardware.camera.postproc@1.0::IPostProcService/camerapostprocservice
  vendor.qti.hardware.capabilityconfigstore@1.0::ICapabilityConfigStore/default
  vendor.qti.hardware.data.connection@1.1::IDataConnection/slot1
  vendor.qti.hardware.data.connection@1.1::IDataConnection/slot2
  vendor.qti.hardware.data.latency@1.0::ILinkLatency/default
  vendor.qti.hardware.display.allocator@3.0::IQtiAllocator/default
  vendor.qti.hardware.display.allocator@4.0::IQtiAllocator/default
  vendor.qti.hardware.display.mapper@3.0::IQtiMapper/default
  vendor.qti.hardware.display.mapper@4.0::IQtiMapper/default
  vendor.qti.hardware.dsp@1.0::IDspService/dspservice
  vendor.qti.hardware.embmssl@1.0::IEmbms/embmsslServer0
  vendor.qti.hardware.factory@1.1::IFactory/default
  vendor.qti.hardware.fm@1.0::IFmHci/default
  vendor.qti.hardware.fstman@1.0::IFstManager/default
  vendor.qti.hardware.iop@2.0::IIop/default
  vendor.qti.hardware.perf@2.2::IPerf/default
  vendor.qti.hardware.qccvndhal@1.0::IQccvndhal/qccvndhal
  vendor.qti.hardware.qseecom@1.0::IQSEECom/default
  vendor.qti.hardware.qteeconnector@1.0::IAppConnector/default
  vendor.qti.hardware.qteeconnector@1.0::IGPAppConnector/default
  vendor.qti.hardware.radio.am@1.0::IQcRilAudio/slot1
  vendor.qti.hardware.radio.am@1.0::IQcRilAudio/slot2
  vendor.qti.hardware.radio.ims@1.6::IImsRadio/imsradio0
  vendor.qti.hardware.radio.ims@1.6::IImsRadio/imsradio1
  vendor.qti.hardware.radio.lpa@1.0::IUimLpa/UimLpa0
  vendor.qti.hardware.radio.lpa@1.0::IUimLpa/UimLpa1
  vendor.qti.hardware.radio.qcrilhook@1.0::IQtiOemHook/oemhook0
  vendor.qti.hardware.radio.qcrilhook@1.0::IQtiOemHook/oemhook1
  vendor.qti.hardware.radio.qtiradio@1.0::IQtiRadio/slot1
  vendor.qti.hardware.radio.qtiradio@1.0::IQtiRadio/slot2
  vendor.qti.hardware.radio.qtiradio@2.4::IQtiRadio/slot1
  vendor.qti.hardware.radio.qtiradio@2.4::IQtiRadio/slot2
  vendor.qti.hardware.radio.uim@1.2::IUim/Uim0
  vendor.qti.hardware.radio.uim@1.2::IUim/Uim1
  vendor.qti.hardware.radio.uim_remote_client@1.0::IUimRemoteServiceClient/uimRemoteClient0
  vendor.qti.hardware.radio.uim_remote_client@1.0::IUimRemoteServiceClient/uimRemoteClient1
  vendor.qti.hardware.radio.uim_remote_server@1.0::IUimRemoteServiceServer/uimRemoteServer0
  vendor.qti.hardware.radio.uim_remote_server@1.0::IUimRemoteServiceServer/uimRemoteServer1
  vendor.qti.hardware.sensorscalibrate@1.0::ISensorsCalibrate/default
  vendor.qti.hardware.soter@1.0::ISoter/default
  vendor.qti.hardware.tui_comm@1.0::ITuiComm/default
  vendor.qti.hardware.wifi.wifilearner@1.0::IWifiStats/wifiStats
  vendor.qti.ims.callinfo@1.0::IService/default
  vendor.qti.ims.factory@1.0::IImsFactory/default
  vendor.qti.imsrtpservice@3.0::IRTPService/imsrtpservice
  vendor.qti.power.pasrmanager@1.0::IPasrManager/default
  vendor.qti.qspmhal@1.0::IQspmhal/default

stderr:Cannot fetch /system/etc/vintf/manifest.xml: Illformed file: /system/etc/vintf/manifest.xml: Not a valid XML
getFrameworkHalManifest: status from fetching VINTF information: -2
getFrameworkHalManifest: -2 VINTF parse error: Cannot read out/target/product/chime/obj/PACKAGING/target_files_intermediates/aospa_chime-target_files-eng.ayan/SYSTEM/manifest.xml: No such file or directory
getKernelLevel: Both device manifest and kernel release do not specify kernel FCM version.
Both device manifest and kernel release do not specify kernel FCM version.
getKernelLevel: Both device manifest and kernel release do not specify kernel FCM version.
getKernelLevel: 
ERROR: No such device: No framework manifest file from device or from update package
The following instances are in the device manifest but not specified in framework compatibility matrix: 
    android.hardware.gnss@1.0::IGnss/gnss_vendor
    android.hardware.radio@1.2::ISap/slot2
    com.qualcomm.qti.dpm.api@1.0::IdpmQmi/dpmQmiService
    com.qualcomm.qti.imscmservice@2.2::IImsCmService/qti.ims.connectionmanagerservice
    com.qualcomm.qti.uceservice@2.2::IUceService/com.qualcomm.qti.uceservice
    vendor.aospa.power.IPowerFeature/default (@1)
    vendor.display.config@2.0::IDisplayConfig/default
    vendor.qti.data.factory@2.1::IFactory/default
    vendor.qti.esepowermanager@1.1::IEsePowerManager/default
    vendor.qti.gnss@1.2::ILocHidlGnss/gnss_vendor
    vendor.qti.gnss@2.1::ILocHidlGnss/gnss_vendor
    vendor.qti.gnss@3.0::ILocHidlGnss/gnss_vendor
    vendor.qti.gnss@4.0::ILocHidlGnss/gnss_vendor
    vendor.qti.hardware.alarm@1.0::IAlarm/default
    vendor.qti.hardware.audiohalext@1.0::IAudioHalExt/default
    vendor.qti.hardware.bluetooth_audio@2.0::IBluetoothAudioProvidersFactory/default
    vendor.qti.hardware.bluetooth_sar@1.1::IBluetoothSar/default
    vendor.qti.hardware.btconfigstore@1.0::IBTConfigStore/default
    vendor.qti.hardware.camera.postproc@1.0::IPostProcService/camerapostprocservice
    vendor.qti.hardware.capabilityconfigstore@1.0::ICapabilityConfigStore/default
    vendor.qti.hardware.data.connection@1.1::IDataConnection/slot1
    vendor.qti.hardware.data.connection@1.1::IDataConnection/slot2
    vendor.qti.hardware.data.latency@1.0::ILinkLatency/default
    vendor.qti.hardware.display.allocator@3.0::IQtiAllocator/default
    vendor.qti.hardware.display.allocator@4.0::IQtiAllocator/default
    vendor.qti.hardware.display.mapper@3.0::IQtiMapper/default
    vendor.qti.hardware.display.mapper@4.0::IQtiMapper/default
    vendor.qti.hardware.dsp@1.0::IDspService/dspservice
    vendor.qti.hardware.embmssl@1.0::IEmbms/embmsslServer0
    vendor.qti.hardware.factory@1.1::IFactory/default
    vendor.qti.hardware.fm@1.0::IFmHci/default
    vendor.qti.hardware.fstman@1.0::IFstManager/default
    vendor.qti.hardware.iop@2.0::IIop/default
    vendor.qti.hardware.perf@2.2::IPerf/default
    vendor.qti.hardware.qccvndhal@1.0::IQccvndhal/qccvndhal
    vendor.qti.hardware.qseecom@1.0::IQSEECom/default
    vendor.qti.hardware.qteeconnector@1.0::IAppConnector/default
    vendor.qti.hardware.qteeconnector@1.0::IGPAppConnector/default
    vendor.qti.hardware.radio.am@1.0::IQcRilAudio/slot1
    vendor.qti.hardware.radio.am@1.0::IQcRilAudio/slot2
    vendor.qti.hardware.radio.ims@1.6::IImsRadio/imsradio0
    vendor.qti.hardware.radio.ims@1.6::IImsRadio/imsradio1
    vendor.qti.hardware.radio.lpa@1.0::IUimLpa/UimLpa0
    vendor.qti.hardware.radio.lpa@1.0::IUimLpa/UimLpa1
    vendor.qti.hardware.radio.qcrilhook@1.0::IQtiOemHook/oemhook0
    vendor.qti.hardware.radio.qcrilhook@1.0::IQtiOemHook/oemhook1
    vendor.qti.hardware.radio.qtiradio@1.0::IQtiRadio/slot1
    vendor.qti.hardware.radio.qtiradio@1.0::IQtiRadio/slot2
    vendor.qti.hardware.radio.qtiradio@2.4::IQtiRadio/slot1
    vendor.qti.hardware.radio.qtiradio@2.4::IQtiRadio/slot2
    vendor.qti.hardware.radio.uim@1.2::IUim/Uim0
    vendor.qti.hardware.radio.uim@1.2::IUim/Uim1
    vendor.qti.hardware.radio.uim_remote_client@1.0::IUimRemoteServiceClient/uimRemoteClient0
    vendor.qti.hardware.radio.uim_remote_client@1.0::IUimRemoteServiceClient/uimRemoteClient1
    vendor.qti.hardware.radio.uim_remote_server@1.0::IUimRemoteServiceServer/uimRemoteServer0
    vendor.qti.hardware.radio.uim_remote_server@1.0::IUimRemoteServiceServer/uimRemoteServer1
    vendor.qti.hardware.sensorscalibrate@1.0::ISensorsCalibrate/default
    vendor.qti.hardware.soter@1.0::ISoter/default
    vendor.qti.hardware.tui_comm@1.0::ITuiComm/default
    vendor.qti.hardware.wifi.wifilearner@1.0::IWifiStats/wifiStats
    vendor.qti.ims.callinfo@1.0::IService/default
    vendor.qti.ims.factory@1.0::IImsFactory/default
    vendor.qti.imsrtpservice@3.0::IRTPService/imsrtpservice
    vendor.qti.power.pasrmanager@1.0::IPasrManager/default
    vendor.qti.qspmhal@1.0::IQspmhal/default
Suggested fix:
1. Update deprecated HALs to the latest version.
2. Check for any typos in device manifest or framework compatibility matrices with FCM version >= 4.
3. For new platform HALs, add them to any framework compatibility matrix with FCM version >= 4 where applicable.
4. For device-specific HALs, add to DEVICE_FRAMEWORK_COMPATIBILITY_MATRIX_FILE or DEVICE_PRODUCT_COMPATIBILITY_MATRIX_FILE.: No such device

Compressing system.new.dat with brotli
Compressing vendor.new.dat with brotli
Compressing product.new.dat with brotli
Compressing system_ext.new.dat with brotli

